Using pre-set license
Built from '2020.2/staging' branch; Version is '2020.2.3f1 (8ff31bc5bf5b) revision 9433883'; Using compiler version '192528614'; Build Type 'Release'
OS: 'Windows 10 Home; OS build 19042.1237; Version 2009; 64bit' Language: 'en' Physical Memory: 8106 MB
BatchMode: 1, IsHumanControllingUs: 0, StartBugReporterOnCrash: 0, Is64bit: 1, IsPro: 0

 COMMAND LINE ARGUMENTS:
C:\Program Files\Unity\Hub\Editor\2020.2.3f1\Editor\Unity.exe
-adb2
-batchMode
-noUpm
-name
AssetImportWorker0
-projectPath
C:/Users/hamza/Own Games/Unity/InDevelopment/Moral spirit
-logFile
Logs/AssetImportWorker0.log
-srvPort
55937
Successfully changed project path to: C:/Users/hamza/Own Games/Unity/InDevelopment/Moral spirit
C:/Users/hamza/Own Games/Unity/InDevelopment/Moral spirit
Using Asset Import Pipeline V2.
Refreshing native plugins compatible for Editor in 77.47 ms, found 0 plugins.
Preloading 0 native plugins for Editor in 0.00 ms.
Initialize engine version: 2020.2.3f1 (8ff31bc5bf5b)
[Subsystems] Discovering subsystems at path C:/Program Files/Unity/Hub/Editor/2020.2.3f1/Editor/Data/Resources/UnitySubsystems
[Subsystems] Discovering subsystems at path C:/Users/hamza/Own Games/Unity/InDevelopment/Moral spirit/Assets
GfxDevice: creating device client; threaded=0
Direct3D:
    Version:  Direct3D 11.0 [level 11.0]
    Renderer: NVIDIA GeForce GTX 750 Ti (ID=0x1380)
    Vendor:   
    VRAM:     2007 MB
    Driver:   30.0.14.7141
Shader 'Universal Render Pipeline/Particles/Lit': fallback shader 'Universal Render Pipeline/Particles/SimpleLit' not found
Initialize mono
Mono path[0] = 'C:/Program Files/Unity/Hub/Editor/2020.2.3f1/Editor/Data/Managed'
Mono path[1] = 'C:/Program Files/Unity/Hub/Editor/2020.2.3f1/Editor/Data/MonoBleedingEdge/lib/mono/unityjit'
Mono config path = 'C:/Program Files/Unity/Hub/Editor/2020.2.3f1/Editor/Data/MonoBleedingEdge/etc'
Using monoOptions --debugger-agent=transport=dt_socket,embedding=1,server=y,suspend=n,address=127.0.0.1:56424
Begin MonoManager ReloadAssembly
Registering precompiled unity dll's ...
Register platform support module: C:/Program Files/Unity/Hub/Editor/2020.2.3f1/Editor/Data/PlaybackEngines/MacStandaloneSupport/UnityEditor.OSXStandalone.Extensions.dll
Register platform support module: C:/Program Files/Unity/Hub/Editor/2020.2.3f1/Editor/Data/PlaybackEngines/WindowsStandaloneSupport/UnityEditor.WindowsStandalone.Extensions.dll
Registered in 0.002790 seconds.
Native extension for WindowsStandalone target not found
Native extension for OSXStandalone target not found
Refreshing native plugins compatible for Editor in 68.13 ms, found 0 plugins.
Preloading 0 native plugins for Editor in 0.00 ms.
Invoked RoslynAnalysisRunner static constructor.
RoslynAnalysisRunner will not be running.
RoslynAnalysisRunner has terminated.
Mono: successfully reloaded assembly
- Completed reload, in  1.157 seconds
Platform modules already initialized, skipping
Registering precompiled user dll's ...
Registered in 0.005142 seconds.
Begin MonoManager ReloadAssembly
Native extension for WindowsStandalone target not found
Native extension for OSXStandalone target not found
Refreshing native plugins compatible for Editor in 68.70 ms, found 0 plugins.
Preloading 0 native plugins for Editor in 0.00 ms.
Invoked RoslynAnalysisRunner static constructor.
RoslynAnalysisRunner will not be running.
RoslynAnalysisRunner has terminated.
Mono: successfully reloaded assembly
- Completed reload, in  1.082 seconds
Platform modules already initialized, skipping
========================================================================
Worker process is ready to serve import requests
Shader 'Universal Render Pipeline/Particles/Lit': fallback shader 'Universal Render Pipeline/Particles/SimpleLit' not found
Launched and connected shader compiler UnityShaderCompiler.exe after 0.07 seconds
Refreshing native plugins compatible for Editor in 0.69 ms, found 0 plugins.
Preloading 0 native plugins for Editor in 0.00 ms.
Unloading 2940 Unused Serialized files (Serialized files now loaded: 0)
System memory in use before: 152.6 MB.
System memory in use after: 152.8 MB.

Unloading 37 unused Assets to reduce memory usage. Loaded Objects now: 3390.
Total: 2.743700 ms (FindLiveObjects: 0.331800 ms CreateObjectMapping: 0.140500 ms MarkObjects: 2.212900 ms  DeleteObjects: 0.057700 ms)

========================================================================
Received Import Request.
  path: Assets/Events/park/rebecca_conv1.asset
  artifactKey: Guid(83079ea79c8359c46a81d0fe1e6370bd) Importer(815301076,1909f56bfc062723c751e8b465ee728b)
Start importing Assets/Events/park/rebecca_conv1.asset using Guid(83079ea79c8359c46a81d0fe1e6370bd) Importer(815301076,1909f56bfc062723c751e8b465ee728b)  -> (artifact id: 'c7256632fb5715a1531c176d82577691') in 0.082715 seconds
  Import took 0.112548 seconds .

========================================================================
Received Import Request.
  Time since last request: 3.825293 seconds.
  path: Assets/Events/park/rebecca_conv1.asset
  artifactKey: Guid(83079ea79c8359c46a81d0fe1e6370bd) Importer(815301076,1909f56bfc062723c751e8b465ee728b)
Start importing Assets/Events/park/rebecca_conv1.asset using Guid(83079ea79c8359c46a81d0fe1e6370bd) Importer(815301076,1909f56bfc062723c751e8b465ee728b)  -> (artifact id: '785bfda453d9fab81dba0fa04eee7d9b') in 0.004746 seconds
  Import took 0.018317 seconds .

========================================================================
Received Import Request.
  Time since last request: 0.110785 seconds.
  path: Assets/Events/park/rebecca_conv1.asset
  artifactKey: Guid(83079ea79c8359c46a81d0fe1e6370bd) Importer(815301076,1909f56bfc062723c751e8b465ee728b)
Start importing Assets/Events/park/rebecca_conv1.asset using Guid(83079ea79c8359c46a81d0fe1e6370bd) Importer(815301076,1909f56bfc062723c751e8b465ee728b)  -> (artifact id: '785bfda453d9fab81dba0fa04eee7d9b') in 0.004406 seconds
  Import took 0.009354 seconds .

========================================================================
Received Import Request.
  Time since last request: 16.940832 seconds.
  path: Assets/Events/park/rebecca_conv 2.asset
  artifactKey: Guid(b248ca82a6389bb44810c20d8a888efb) Importer(815301076,1909f56bfc062723c751e8b465ee728b)
Start importing Assets/Events/park/rebecca_conv 2.asset using Guid(b248ca82a6389bb44810c20d8a888efb) Importer(815301076,1909f56bfc062723c751e8b465ee728b)  -> (artifact id: 'd800881ca57647af8baa9a38d811c24e') in 0.009709 seconds
  Import took 0.023531 seconds .

========================================================================
Received Import Request.
  Time since last request: 18.969698 seconds.
  path: Assets/Events/park/rebecca_conv 2.asset
  artifactKey: Guid(b248ca82a6389bb44810c20d8a888efb) Importer(815301076,1909f56bfc062723c751e8b465ee728b)
Start importing Assets/Events/park/rebecca_conv 2.asset using Guid(b248ca82a6389bb44810c20d8a888efb) Importer(815301076,1909f56bfc062723c751e8b465ee728b)  -> (artifact id: 'f244afb746180bcd9ace269dc353ad0b') in 0.005445 seconds
  Import took 0.028732 seconds .

========================================================================
Received Import Request.
  Time since last request: 0.001288 seconds.
  path: Assets/Events/park/rebecca_conv 2.asset
  artifactKey: Guid(b248ca82a6389bb44810c20d8a888efb) Importer(815301076,1909f56bfc062723c751e8b465ee728b)
Start importing Assets/Events/park/rebecca_conv 2.asset using Guid(b248ca82a6389bb44810c20d8a888efb) Importer(815301076,1909f56bfc062723c751e8b465ee728b)  -> (artifact id: 'f244afb746180bcd9ace269dc353ad0b') in 0.003977 seconds
  Import took 0.010251 seconds .

========================================================================
Received Import Request.
  Time since last request: 10.138587 seconds.
  path: Assets/Events/park/ralph_conv.asset
  artifactKey: Guid(ddec0b10f1393bf4da467cc81dff9409) Importer(815301076,1909f56bfc062723c751e8b465ee728b)
Start importing Assets/Events/park/ralph_conv.asset using Guid(ddec0b10f1393bf4da467cc81dff9409) Importer(815301076,1909f56bfc062723c751e8b465ee728b)  -> (artifact id: '9350addf86f56325914a106c8b775893') in 0.007327 seconds
  Import took 0.027453 seconds .

========================================================================
Received Import Request.
  Time since last request: 6.094797 seconds.
  path: Assets/Events/park/ralph_conv.asset
  artifactKey: Guid(ddec0b10f1393bf4da467cc81dff9409) Importer(815301076,1909f56bfc062723c751e8b465ee728b)
Start importing Assets/Events/park/ralph_conv.asset using Guid(ddec0b10f1393bf4da467cc81dff9409) Importer(815301076,1909f56bfc062723c751e8b465ee728b)  -> (artifact id: '599115e16399aa51098a0be20e97f681') in 0.003253 seconds
  Import took 0.013608 seconds .

========================================================================
Received Import Request.
  Time since last request: 0.001004 seconds.
  path: Assets/Events/park/ralph_conv.asset
  artifactKey: Guid(ddec0b10f1393bf4da467cc81dff9409) Importer(815301076,1909f56bfc062723c751e8b465ee728b)
Start importing Assets/Events/park/ralph_conv.asset using Guid(ddec0b10f1393bf4da467cc81dff9409) Importer(815301076,1909f56bfc062723c751e8b465ee728b)  -> (artifact id: '599115e16399aa51098a0be20e97f681') in 0.003652 seconds
  Import took 0.009011 seconds .

========================================================================
Received Import Request.
  Time since last request: 9.973581 seconds.
  path: Assets/Events/park/ralph_conv.asset
  artifactKey: Guid(ddec0b10f1393bf4da467cc81dff9409) Importer(815301076,1909f56bfc062723c751e8b465ee728b)
Start importing Assets/Events/park/ralph_conv.asset using Guid(ddec0b10f1393bf4da467cc81dff9409) Importer(815301076,1909f56bfc062723c751e8b465ee728b)  -> (artifact id: '5efc34f3fa79cf08acd359c381c86839') in 0.003301 seconds
  Import took 0.008816 seconds .

========================================================================
Received Import Request.
  Time since last request: 0.005462 seconds.
  path: Assets/Events/park/ralph_conv.asset
  artifactKey: Guid(ddec0b10f1393bf4da467cc81dff9409) Importer(815301076,1909f56bfc062723c751e8b465ee728b)
Start importing Assets/Events/park/ralph_conv.asset using Guid(ddec0b10f1393bf4da467cc81dff9409) Importer(815301076,1909f56bfc062723c751e8b465ee728b)  -> (artifact id: '5efc34f3fa79cf08acd359c381c86839') in 0.003171 seconds
  Import took 0.008058 seconds .

========================================================================
Received Import Request.
  Time since last request: 15.960013 seconds.
  path: Assets/Events/park/sebastian_conv3.asset
  artifactKey: Guid(8d64a9cca52dbc44b8901acf92a5704c) Importer(815301076,1909f56bfc062723c751e8b465ee728b)
Start importing Assets/Events/park/sebastian_conv3.asset using Guid(8d64a9cca52dbc44b8901acf92a5704c) Importer(815301076,1909f56bfc062723c751e8b465ee728b)  -> (artifact id: 'fe83e29607fd5867f378779e8fcc62fd') in 0.006855 seconds
  Import took 0.015165 seconds .

========================================================================
Received Import Request.
  Time since last request: 16.402062 seconds.
  path: Assets/Events/park/sebastian_conv3.asset
  artifactKey: Guid(8d64a9cca52dbc44b8901acf92a5704c) Importer(815301076,1909f56bfc062723c751e8b465ee728b)
Start importing Assets/Events/park/sebastian_conv3.asset using Guid(8d64a9cca52dbc44b8901acf92a5704c) Importer(815301076,1909f56bfc062723c751e8b465ee728b)  -> (artifact id: '9acc68c57e43ac6c406521f8f9f88f09') in 0.003277 seconds
  Import took 0.010074 seconds .

========================================================================
Received Import Request.
  Time since last request: 0.002601 seconds.
  path: Assets/Events/park/sebastian_conv3.asset
  artifactKey: Guid(8d64a9cca52dbc44b8901acf92a5704c) Importer(815301076,1909f56bfc062723c751e8b465ee728b)
Start importing Assets/Events/park/sebastian_conv3.asset using Guid(8d64a9cca52dbc44b8901acf92a5704c) Importer(815301076,1909f56bfc062723c751e8b465ee728b)  -> (artifact id: '9acc68c57e43ac6c406521f8f9f88f09') in 0.003157 seconds
  Import took 0.008328 seconds .

========================================================================
Received Import Request.
  Time since last request: 26.747208 seconds.
  path: Assets/Events/park/sebastian_conv4.asset
  artifactKey: Guid(f3c71000dfa2002448b4dcc648151822) Importer(815301076,1909f56bfc062723c751e8b465ee728b)
Start importing Assets/Events/park/sebastian_conv4.asset using Guid(f3c71000dfa2002448b4dcc648151822) Importer(815301076,1909f56bfc062723c751e8b465ee728b)  -> (artifact id: '27e1f80feeb3c311a8c9e721e039e125') in 0.007359 seconds
  Import took 0.033632 seconds .

========================================================================
Received Import Request.
  Time since last request: 11.746085 seconds.
  path: Assets/Events/park/sebastian_conv4.asset
  artifactKey: Guid(f3c71000dfa2002448b4dcc648151822) Importer(815301076,1909f56bfc062723c751e8b465ee728b)
Start importing Assets/Events/park/sebastian_conv4.asset using Guid(f3c71000dfa2002448b4dcc648151822) Importer(815301076,1909f56bfc062723c751e8b465ee728b)  -> (artifact id: '18cf40fa98180337e05334763246b42d') in 0.003067 seconds
  Import took 0.008279 seconds .

========================================================================
Received Import Request.
  Time since last request: 0.004165 seconds.
  path: Assets/Events/park/sebastian_conv4.asset
  artifactKey: Guid(f3c71000dfa2002448b4dcc648151822) Importer(815301076,1909f56bfc062723c751e8b465ee728b)
Start importing Assets/Events/park/sebastian_conv4.asset using Guid(f3c71000dfa2002448b4dcc648151822) Importer(815301076,1909f56bfc062723c751e8b465ee728b)  -> (artifact id: '18cf40fa98180337e05334763246b42d') in 0.003075 seconds
  Import took 0.009252 seconds .

========================================================================
Received Import Request.
  Time since last request: 37.860693 seconds.
  path: Assets/Events/park/chloe_conv2.asset
  artifactKey: Guid(0e0ad98aa91ddd44bb42fdc4097997a4) Importer(815301076,1909f56bfc062723c751e8b465ee728b)
Start importing Assets/Events/park/chloe_conv2.asset using Guid(0e0ad98aa91ddd44bb42fdc4097997a4) Importer(815301076,1909f56bfc062723c751e8b465ee728b)  -> (artifact id: '3b8d4a5b170c3a8bd0431d476e8d04d2') in 0.006859 seconds
  Import took 0.020180 seconds .

========================================================================
Received Import Request.
  Time since last request: 13.819962 seconds.
  path: Assets/Events/park/chloe_conv2.asset
  artifactKey: Guid(0e0ad98aa91ddd44bb42fdc4097997a4) Importer(815301076,1909f56bfc062723c751e8b465ee728b)
Start importing Assets/Events/park/chloe_conv2.asset using Guid(0e0ad98aa91ddd44bb42fdc4097997a4) Importer(815301076,1909f56bfc062723c751e8b465ee728b)  -> (artifact id: '061c2d775fc03c80d6002369d974f0b7') in 0.017801 seconds
  Import took 0.049724 seconds .

========================================================================
Received Import Request.
  Time since last request: 15.300843 seconds.
  path: Assets/Events/park/chloe_conv1.asset
  artifactKey: Guid(201316665fb96f04484e417d45d1789b) Importer(815301076,1909f56bfc062723c751e8b465ee728b)
Start importing Assets/Events/park/chloe_conv1.asset using Guid(201316665fb96f04484e417d45d1789b) Importer(815301076,1909f56bfc062723c751e8b465ee728b)  -> (artifact id: '6de3281fdc1a9be12a0f1b1b3e144ef8') in 0.006954 seconds
  Import took 0.023438 seconds .

========================================================================
Received Import Request.
  Time since last request: 2.270884 seconds.
  path: Assets/Events/park/chloe_conv1.asset
  artifactKey: Guid(201316665fb96f04484e417d45d1789b) Importer(815301076,1909f56bfc062723c751e8b465ee728b)
Start importing Assets/Events/park/chloe_conv1.asset using Guid(201316665fb96f04484e417d45d1789b) Importer(815301076,1909f56bfc062723c751e8b465ee728b)  -> (artifact id: '6d8f71108f536425832942fb6bab03bf') in 0.003312 seconds
  Import took 0.026384 seconds .

========================================================================
Received Import Request.
  Time since last request: 13.177720 seconds.
  path: Assets/Events/park/chloe_conv1.asset
  artifactKey: Guid(201316665fb96f04484e417d45d1789b) Importer(815301076,1909f56bfc062723c751e8b465ee728b)
Start importing Assets/Events/park/chloe_conv1.asset using Guid(201316665fb96f04484e417d45d1789b) Importer(815301076,1909f56bfc062723c751e8b465ee728b)  -> (artifact id: '6470dc7a8b2a0646aca7bef29d87ffae') in 0.003586 seconds
  Import took 0.016289 seconds .

========================================================================
Received Import Request.
  Time since last request: 22.361918 seconds.
  path: Assets/Events/school/lovewell_battle_ev.asset
  artifactKey: Guid(660b210990c17e14689d9753b9fa3ac1) Importer(815301076,1909f56bfc062723c751e8b465ee728b)
Start importing Assets/Events/school/lovewell_battle_ev.asset using Guid(660b210990c17e14689d9753b9fa3ac1) Importer(815301076,1909f56bfc062723c751e8b465ee728b)  -> (artifact id: '4276ce8989da4b63b16ca509afad73dd') in 0.007174 seconds
  Import took 0.052639 seconds .

========================================================================
Received Import Request.
  Time since last request: 46.176157 seconds.
  path: Assets/Events/school/mr_lovewell_encounter.asset
  artifactKey: Guid(7830c96759a5ba147b1e925f8e24f75c) Importer(815301076,1909f56bfc062723c751e8b465ee728b)
Start importing Assets/Events/school/mr_lovewell_encounter.asset using Guid(7830c96759a5ba147b1e925f8e24f75c) Importer(815301076,1909f56bfc062723c751e8b465ee728b)  -> (artifact id: '0e102ba47c7a582765fbf8d4bc36580f') in 0.019283 seconds
  Import took 0.038363 seconds .

========================================================================
Received Import Request.
  Time since last request: 1.799765 seconds.
  path: Assets/Events/school/mr_lovewell_encounter.asset
  artifactKey: Guid(7830c96759a5ba147b1e925f8e24f75c) Importer(815301076,1909f56bfc062723c751e8b465ee728b)
Start importing Assets/Events/school/mr_lovewell_encounter.asset using Guid(7830c96759a5ba147b1e925f8e24f75c) Importer(815301076,1909f56bfc062723c751e8b465ee728b)  -> (artifact id: '3ff4170bf6159b7f6885092d6534562a') in 0.011760 seconds
  Import took 0.032079 seconds .

========================================================================
Received Import Request.
  Time since last request: 28.405706 seconds.
  path: Assets/Events/school/mr_lovewell_encounter.asset
  artifactKey: Guid(7830c96759a5ba147b1e925f8e24f75c) Importer(815301076,1909f56bfc062723c751e8b465ee728b)
Start importing Assets/Events/school/mr_lovewell_encounter.asset using Guid(7830c96759a5ba147b1e925f8e24f75c) Importer(815301076,1909f56bfc062723c751e8b465ee728b)  -> (artifact id: '417f77935b0be4d0eded0a2bb5f01c2f') in 0.011965 seconds
  Import took 0.020538 seconds .

========================================================================
Received Import Request.
  Time since last request: 20.077904 seconds.
  path: Assets/Events/school/mr_lovewell_encounter.asset
  artifactKey: Guid(7830c96759a5ba147b1e925f8e24f75c) Importer(815301076,1909f56bfc062723c751e8b465ee728b)
Start importing Assets/Events/school/mr_lovewell_encounter.asset using Guid(7830c96759a5ba147b1e925f8e24f75c) Importer(815301076,1909f56bfc062723c751e8b465ee728b)  -> (artifact id: '31bc0ea2800b563185676ab2a09555ac') in 0.028888 seconds
  Import took 0.061766 seconds .

========================================================================
Received Import Request.
  Time since last request: 13.169311 seconds.
  path: Assets/Events/school/mr_lovewell_encounter.asset
  artifactKey: Guid(7830c96759a5ba147b1e925f8e24f75c) Importer(815301076,1909f56bfc062723c751e8b465ee728b)
Start importing Assets/Events/school/mr_lovewell_encounter.asset using Guid(7830c96759a5ba147b1e925f8e24f75c) Importer(815301076,1909f56bfc062723c751e8b465ee728b)  -> (artifact id: 'e20511d430a33fa8565efef3d1194261') in 0.011278 seconds
  Import took 0.020419 seconds .

========================================================================
Received Import Request.
  Time since last request: 16.515703 seconds.
  path: Assets/Events/school/mr_lovewell_encounter.asset
  artifactKey: Guid(7830c96759a5ba147b1e925f8e24f75c) Importer(815301076,1909f56bfc062723c751e8b465ee728b)
Start importing Assets/Events/school/mr_lovewell_encounter.asset using Guid(7830c96759a5ba147b1e925f8e24f75c) Importer(815301076,1909f56bfc062723c751e8b465ee728b)  -> (artifact id: '9c34597af9a37bb44029bce117459100') in 0.026575 seconds
  Import took 0.032386 seconds .

========================================================================
Received Import Request.
  Time since last request: 103.575312 seconds.
  path: Assets/Events/school/mr_lovewell_encounter.asset
  artifactKey: Guid(7830c96759a5ba147b1e925f8e24f75c) Importer(815301076,1909f56bfc062723c751e8b465ee728b)
Start importing Assets/Events/school/mr_lovewell_encounter.asset using Guid(7830c96759a5ba147b1e925f8e24f75c) Importer(815301076,1909f56bfc062723c751e8b465ee728b)  -> (artifact id: 'f91701c8f240db7977e09d8295d50672') in 0.027758 seconds
  Import took 0.050975 seconds .

========================================================================
Received Import Request.
  Time since last request: 46.142518 seconds.
  path: Assets/Events/school/mr_lovewell_encounter.asset
  artifactKey: Guid(7830c96759a5ba147b1e925f8e24f75c) Importer(815301076,1909f56bfc062723c751e8b465ee728b)
Start importing Assets/Events/school/mr_lovewell_encounter.asset using Guid(7830c96759a5ba147b1e925f8e24f75c) Importer(815301076,1909f56bfc062723c751e8b465ee728b)  -> (artifact id: '72dba5d53c79b248f516dd1eefec88db') in 0.011704 seconds
  Import took 0.035742 seconds .

========================================================================
Received Import Request.
  Time since last request: 8.693007 seconds.
  path: Assets/Events/school/mr_lovewell_encounter.asset
  artifactKey: Guid(7830c96759a5ba147b1e925f8e24f75c) Importer(815301076,1909f56bfc062723c751e8b465ee728b)
Start importing Assets/Events/school/mr_lovewell_encounter.asset using Guid(7830c96759a5ba147b1e925f8e24f75c) Importer(815301076,1909f56bfc062723c751e8b465ee728b)  -> (artifact id: '811395d01c76cc30ae76fa42d2ca0ff8') in 0.013529 seconds
  Import took 0.046612 seconds .

========================================================================
Received Import Request.
  Time since last request: 26.024045 seconds.
  path: Assets/Events/school/mr_lovewell_encounter.asset
  artifactKey: Guid(7830c96759a5ba147b1e925f8e24f75c) Importer(815301076,1909f56bfc062723c751e8b465ee728b)
Start importing Assets/Events/school/mr_lovewell_encounter.asset using Guid(7830c96759a5ba147b1e925f8e24f75c) Importer(815301076,1909f56bfc062723c751e8b465ee728b)  -> (artifact id: 'd4ea72e28593840a0bade898ab1e3ee1') in 0.011539 seconds
  Import took 0.017076 seconds .

========================================================================
Received Import Request.
  Time since last request: 10.368224 seconds.
  path: Assets/Events/school/mr_lovewell_encounter.asset
  artifactKey: Guid(7830c96759a5ba147b1e925f8e24f75c) Importer(815301076,1909f56bfc062723c751e8b465ee728b)
Start importing Assets/Events/school/mr_lovewell_encounter.asset using Guid(7830c96759a5ba147b1e925f8e24f75c) Importer(815301076,1909f56bfc062723c751e8b465ee728b)  -> (artifact id: '938ec20e8dd4f88e7e84499e37e586d2') in 0.011480 seconds
  Import took 0.017240 seconds .

========================================================================
Received Import Request.
  Time since last request: 42.283008 seconds.
  path: Assets/Events/school/mr_lovewell_encounter.asset
  artifactKey: Guid(7830c96759a5ba147b1e925f8e24f75c) Importer(815301076,1909f56bfc062723c751e8b465ee728b)
Start importing Assets/Events/school/mr_lovewell_encounter.asset using Guid(7830c96759a5ba147b1e925f8e24f75c) Importer(815301076,1909f56bfc062723c751e8b465ee728b)  -> (artifact id: 'b7dee5516cf2d45205211835faa5f342') in 0.011642 seconds
  Import took 0.034911 seconds .

========================================================================
Received Import Request.
  Time since last request: 55.728089 seconds.
  path: Assets/Events/school/mr_lovewell_encounter.asset
  artifactKey: Guid(7830c96759a5ba147b1e925f8e24f75c) Importer(815301076,1909f56bfc062723c751e8b465ee728b)
Start importing Assets/Events/school/mr_lovewell_encounter.asset using Guid(7830c96759a5ba147b1e925f8e24f75c) Importer(815301076,1909f56bfc062723c751e8b465ee728b)  -> (artifact id: '58caebfd5543294b8cb55cddcb78d1fc') in 0.012890 seconds
  Import took 0.018754 seconds .

========================================================================
Received Import Request.
  Time since last request: 25.728444 seconds.
  path: Assets/Events/school/mr_lovewell_encounter.asset
  artifactKey: Guid(7830c96759a5ba147b1e925f8e24f75c) Importer(815301076,1909f56bfc062723c751e8b465ee728b)
Start importing Assets/Events/school/mr_lovewell_encounter.asset using Guid(7830c96759a5ba147b1e925f8e24f75c) Importer(815301076,1909f56bfc062723c751e8b465ee728b)  -> (artifact id: '160fcd383aa1e191549a672d3d726d45') in 0.012424 seconds
  Import took 0.022698 seconds .

========================================================================
Received Import Request.
  Time since last request: 0.010526 seconds.
  path: Assets/Events/school/mr_lovewell_encounter.asset
  artifactKey: Guid(7830c96759a5ba147b1e925f8e24f75c) Importer(815301076,1909f56bfc062723c751e8b465ee728b)
Start importing Assets/Events/school/mr_lovewell_encounter.asset using Guid(7830c96759a5ba147b1e925f8e24f75c) Importer(815301076,1909f56bfc062723c751e8b465ee728b)  -> (artifact id: '160fcd383aa1e191549a672d3d726d45') in 0.011684 seconds
  Import took 0.017388 seconds .

========================================================================
Received Import Request.
  Time since last request: 1.665606 seconds.
  path: Assets/Events/school/mr_lovewell_encounter.asset
  artifactKey: Guid(7830c96759a5ba147b1e925f8e24f75c) Importer(815301076,1909f56bfc062723c751e8b465ee728b)
Start importing Assets/Events/school/mr_lovewell_encounter.asset using Guid(7830c96759a5ba147b1e925f8e24f75c) Importer(815301076,1909f56bfc062723c751e8b465ee728b)  -> (artifact id: '52abae4124de13a0828caee9a1289b36') in 0.011392 seconds
  Import took 0.018739 seconds .

========================================================================
Received Import Request.
  Time since last request: 13.932260 seconds.
  path: Assets/Events/school/mr_lovewell_encounter.asset
  artifactKey: Guid(7830c96759a5ba147b1e925f8e24f75c) Importer(815301076,1909f56bfc062723c751e8b465ee728b)
Start importing Assets/Events/school/mr_lovewell_encounter.asset using Guid(7830c96759a5ba147b1e925f8e24f75c) Importer(815301076,1909f56bfc062723c751e8b465ee728b)  -> (artifact id: 'f1b90083f3fe674f87c934b3ed2a385a') in 0.012356 seconds
  Import took 0.036281 seconds .

========================================================================
Received Import Request.
  Time since last request: 0.094680 seconds.
  path: Assets/Events/school/mr_lovewell_encounter.asset
  artifactKey: Guid(7830c96759a5ba147b1e925f8e24f75c) Importer(815301076,1909f56bfc062723c751e8b465ee728b)
Start importing Assets/Events/school/mr_lovewell_encounter.asset using Guid(7830c96759a5ba147b1e925f8e24f75c) Importer(815301076,1909f56bfc062723c751e8b465ee728b)  -> (artifact id: 'f1b90083f3fe674f87c934b3ed2a385a') in 0.011421 seconds
  Import took 0.016941 seconds .

========================================================================
Received Prepare
Shader 'Universal Render Pipeline/Particles/Lit': fallback shader 'Universal Render Pipeline/Particles/SimpleLit' not found
Refreshing native plugins compatible for Editor in 7.91 ms, found 0 plugins.
Preloading 0 native plugins for Editor in 0.00 ms.
Unloading 27 Unused Serialized files (Serialized files now loaded: 0)
System memory in use before: 90.3 MB.
System memory in use after: 90.6 MB.

Unloading 27 unused Assets to reduce memory usage. Loaded Objects now: 3390.
Total: 3.165500 ms (FindLiveObjects: 0.299100 ms CreateObjectMapping: 0.119300 ms MarkObjects: 2.697400 ms  DeleteObjects: 0.048600 ms)

========================================================================
Received Import Request.
  Time since last request: 387.875854 seconds.
  path: Assets/Data/Characters/Enemies/School/Diligent girl.asset
  artifactKey: Guid(9ad5b38a5fc90884391f3d3657906407) Importer(815301076,1909f56bfc062723c751e8b465ee728b)
Start importing Assets/Data/Characters/Enemies/School/Diligent girl.asset using Guid(9ad5b38a5fc90884391f3d3657906407) Importer(815301076,1909f56bfc062723c751e8b465ee728b)  -> (artifact id: '877f3553cf256239cf8c49315cc3ac85') in 0.043017 seconds
  Import took 0.051101 seconds .

========================================================================
Received Import Request.
  Time since last request: 7.433160 seconds.
  path: Assets/Data/Characters/Enemies/School/Diligent girl.asset
  artifactKey: Guid(9ad5b38a5fc90884391f3d3657906407) Importer(815301076,1909f56bfc062723c751e8b465ee728b)
Start importing Assets/Data/Characters/Enemies/School/Diligent girl.asset using Guid(9ad5b38a5fc90884391f3d3657906407) Importer(815301076,1909f56bfc062723c751e8b465ee728b)  -> (artifact id: '85663bf3ea73c5e35c35696161032a0b') in 0.021593 seconds
  Import took 0.050643 seconds .

========================================================================
Received Import Request.
  Time since last request: 4.702036 seconds.
  path: Assets/Data/Characters/Enemies/School/Diligent girl.asset
  artifactKey: Guid(9ad5b38a5fc90884391f3d3657906407) Importer(815301076,1909f56bfc062723c751e8b465ee728b)
Start importing Assets/Data/Characters/Enemies/School/Diligent girl.asset using Guid(9ad5b38a5fc90884391f3d3657906407) Importer(815301076,1909f56bfc062723c751e8b465ee728b)  -> (artifact id: 'effd9d3c62c1a35c17eda78c83f43567') in 0.006712 seconds
  Import took 0.013701 seconds .

========================================================================
Received Import Request.
  Time since last request: 4.102792 seconds.
  path: Assets/Data/Characters/Enemies/School/Diligent girl.asset
  artifactKey: Guid(9ad5b38a5fc90884391f3d3657906407) Importer(815301076,1909f56bfc062723c751e8b465ee728b)
Start importing Assets/Data/Characters/Enemies/School/Diligent girl.asset using Guid(9ad5b38a5fc90884391f3d3657906407) Importer(815301076,1909f56bfc062723c751e8b465ee728b)  -> (artifact id: 'f2d65568dc2ad362a61be7ee61621fff') in 0.007020 seconds
  Import took 0.018174 seconds .

========================================================================
Received Import Request.
  Time since last request: 7.382414 seconds.
  path: Assets/Data/Characters/Enemies/School/Diligent girl.asset
  artifactKey: Guid(9ad5b38a5fc90884391f3d3657906407) Importer(815301076,1909f56bfc062723c751e8b465ee728b)
Start importing Assets/Data/Characters/Enemies/School/Diligent girl.asset using Guid(9ad5b38a5fc90884391f3d3657906407) Importer(815301076,1909f56bfc062723c751e8b465ee728b)  -> (artifact id: '9cb85bfaa950ce1a7ad1aa5154b66627') in 0.007547 seconds
  Import took 0.022643 seconds .

========================================================================
Received Import Request.
  Time since last request: 0.614922 seconds.
  path: Assets/Data/Characters/Enemies/School/Diligent girl.asset
  artifactKey: Guid(9ad5b38a5fc90884391f3d3657906407) Importer(815301076,1909f56bfc062723c751e8b465ee728b)
Start importing Assets/Data/Characters/Enemies/School/Diligent girl.asset using Guid(9ad5b38a5fc90884391f3d3657906407) Importer(815301076,1909f56bfc062723c751e8b465ee728b)  -> (artifact id: '1f579a4ea7d78012f45374f4183ee844') in 0.006215 seconds
  Import took 0.012712 seconds .

========================================================================
Received Import Request.
  Time since last request: 1.324301 seconds.
  path: Assets/Data/Characters/Enemies/School/Diligent girl.asset
  artifactKey: Guid(9ad5b38a5fc90884391f3d3657906407) Importer(815301076,1909f56bfc062723c751e8b465ee728b)
Start importing Assets/Data/Characters/Enemies/School/Diligent girl.asset using Guid(9ad5b38a5fc90884391f3d3657906407) Importer(815301076,1909f56bfc062723c751e8b465ee728b)  -> (artifact id: 'eeb553aff3d4b0b6bb594937dbc7e813') in 0.005686 seconds
  Import took 0.016950 seconds .

========================================================================
Received Import Request.
  Time since last request: 10.566451 seconds.
  path: Assets/Data/Characters/Enemies/School/Diligent girl.asset
  artifactKey: Guid(9ad5b38a5fc90884391f3d3657906407) Importer(815301076,1909f56bfc062723c751e8b465ee728b)
Start importing Assets/Data/Characters/Enemies/School/Diligent girl.asset using Guid(9ad5b38a5fc90884391f3d3657906407) Importer(815301076,1909f56bfc062723c751e8b465ee728b)  -> (artifact id: 'bbc66be12a6d1f2ee59c84c4b11de100') in 0.009081 seconds
  Import took 0.077019 seconds .

========================================================================
Received Import Request.
  Time since last request: 18.338222 seconds.
  path: Assets/Data/Characters/Enemies/School/Diligent girl.asset
  artifactKey: Guid(9ad5b38a5fc90884391f3d3657906407) Importer(815301076,1909f56bfc062723c751e8b465ee728b)
Start importing Assets/Data/Characters/Enemies/School/Diligent girl.asset using Guid(9ad5b38a5fc90884391f3d3657906407) Importer(815301076,1909f56bfc062723c751e8b465ee728b)  -> (artifact id: '96e67d90e49123dc68262845e3b9da19') in 0.008585 seconds
  Import took 0.018302 seconds .

========================================================================
Received Import Request.
  Time since last request: 43.585684 seconds.
  path: Assets/Data/Characters/Enemies/School/Diligent boy.asset
  artifactKey: Guid(a755235832a98784b88885494001bf23) Importer(815301076,1909f56bfc062723c751e8b465ee728b)
Start importing Assets/Data/Characters/Enemies/School/Diligent boy.asset using Guid(a755235832a98784b88885494001bf23) Importer(815301076,1909f56bfc062723c751e8b465ee728b)  -> (artifact id: '6ebb16ce98980ae7e0b6666c75da96df') in 0.059234 seconds
  Import took 0.127919 seconds .

========================================================================
Received Import Request.
  Time since last request: 0.000222 seconds.
  path: Assets/Data/EnemyGroups/school/sch_3.asset
  artifactKey: Guid(3ee463e49075a5d49b9f5c1076d8ce1d) Importer(815301076,1909f56bfc062723c751e8b465ee728b)
Start importing Assets/Data/EnemyGroups/school/sch_3.asset using Guid(3ee463e49075a5d49b9f5c1076d8ce1d) Importer(815301076,1909f56bfc062723c751e8b465ee728b)  -> (artifact id: '0e0c8e29eb35337eeaf86ee39d5a868c') in 0.028001 seconds
  Import took 0.035671 seconds .

========================================================================
Received Import Request.
  Time since last request: 3.358533 seconds.
  path: Assets/Data/Characters/Enemies/School/Diligent boy.asset
  artifactKey: Guid(a755235832a98784b88885494001bf23) Importer(815301076,1909f56bfc062723c751e8b465ee728b)
Start importing Assets/Data/Characters/Enemies/School/Diligent boy.asset using Guid(a755235832a98784b88885494001bf23) Importer(815301076,1909f56bfc062723c751e8b465ee728b)  -> (artifact id: '09fa14840d53d2198e72c5b0f725e4bc') in 0.007308 seconds
  Import took 0.029376 seconds .

========================================================================
Received Import Request.
  Time since last request: 0.007663 seconds.
  path: Assets/Data/Characters/Enemies/School/Diligent boy.asset
  artifactKey: Guid(a755235832a98784b88885494001bf23) Importer(815301076,1909f56bfc062723c751e8b465ee728b)
Start importing Assets/Data/Characters/Enemies/School/Diligent boy.asset using Guid(a755235832a98784b88885494001bf23) Importer(815301076,1909f56bfc062723c751e8b465ee728b)  -> (artifact id: '09fa14840d53d2198e72c5b0f725e4bc') in 0.007560 seconds
  Import took 0.014487 seconds .

========================================================================
Received Import Request.
  Time since last request: 4.472341 seconds.
  path: Assets/Data/Characters/Enemies/School/Diligent boy.asset
  artifactKey: Guid(a755235832a98784b88885494001bf23) Importer(815301076,1909f56bfc062723c751e8b465ee728b)
Start importing Assets/Data/Characters/Enemies/School/Diligent boy.asset using Guid(a755235832a98784b88885494001bf23) Importer(815301076,1909f56bfc062723c751e8b465ee728b)  -> (artifact id: '7b158379db0a1efd74bb2088f29f5287') in 0.007635 seconds
  Import took 0.038345 seconds .

========================================================================
Received Import Request.
  Time since last request: 0.000307 seconds.
  path: Assets/Data/Characters/Enemies/School/Diligent boy.asset
  artifactKey: Guid(a755235832a98784b88885494001bf23) Importer(815301076,1909f56bfc062723c751e8b465ee728b)
Start importing Assets/Data/Characters/Enemies/School/Diligent boy.asset using Guid(a755235832a98784b88885494001bf23) Importer(815301076,1909f56bfc062723c751e8b465ee728b)  -> (artifact id: '7b158379db0a1efd74bb2088f29f5287') in 0.006700 seconds
  Import took 0.015344 seconds .

========================================================================
Received Import Request.
  Time since last request: 3.212778 seconds.
  path: Assets/Data/Characters/Enemies/School/Diligent boy.asset
  artifactKey: Guid(a755235832a98784b88885494001bf23) Importer(815301076,1909f56bfc062723c751e8b465ee728b)
Start importing Assets/Data/Characters/Enemies/School/Diligent boy.asset using Guid(a755235832a98784b88885494001bf23) Importer(815301076,1909f56bfc062723c751e8b465ee728b)  -> (artifact id: 'b133f34a323f8a7a6914d8ca27daa2ce') in 0.008938 seconds
  Import took 0.109532 seconds .

========================================================================
Received Import Request.
  Time since last request: 0.523512 seconds.
  path: Assets/Data/Characters/Enemies/School/Diligent boy.asset
  artifactKey: Guid(a755235832a98784b88885494001bf23) Importer(815301076,1909f56bfc062723c751e8b465ee728b)
Start importing Assets/Data/Characters/Enemies/School/Diligent boy.asset using Guid(a755235832a98784b88885494001bf23) Importer(815301076,1909f56bfc062723c751e8b465ee728b)  -> (artifact id: '3eb20e27fad87e71b0bbe5fc1a25fac5') in 0.006726 seconds
  Import took 0.056702 seconds .

========================================================================
Received Import Request.
  Time since last request: 3.242468 seconds.
  path: Assets/Data/Characters/Enemies/School/Diligent boy.asset
  artifactKey: Guid(a755235832a98784b88885494001bf23) Importer(815301076,1909f56bfc062723c751e8b465ee728b)
Start importing Assets/Data/Characters/Enemies/School/Diligent boy.asset using Guid(a755235832a98784b88885494001bf23) Importer(815301076,1909f56bfc062723c751e8b465ee728b)  -> (artifact id: 'f445e00e35f393e1bed021717c9ed718') in 0.010116 seconds
  Import took 0.033415 seconds .

========================================================================
Received Import Request.
  Time since last request: 28.716587 seconds.
  path: Assets/Data/Characters/Enemies/School/Diligent boy.asset
  artifactKey: Guid(a755235832a98784b88885494001bf23) Importer(815301076,1909f56bfc062723c751e8b465ee728b)
Start importing Assets/Data/Characters/Enemies/School/Diligent boy.asset using Guid(a755235832a98784b88885494001bf23) Importer(815301076,1909f56bfc062723c751e8b465ee728b)  -> (artifact id: '3f78554fd2a22f78663354072ff4914f') in 0.008123 seconds
  Import took 0.015667 seconds .

========================================================================
Received Import Request.
  Time since last request: 22.088539 seconds.
  path: Assets/Data/Characters/Enemies/School/Mr.Lovewell.asset
  artifactKey: Guid(89f5c2a5eb7a86c408ebd2a21c1c6c2f) Importer(815301076,1909f56bfc062723c751e8b465ee728b)
Start importing Assets/Data/Characters/Enemies/School/Mr.Lovewell.asset using Guid(89f5c2a5eb7a86c408ebd2a21c1c6c2f) Importer(815301076,1909f56bfc062723c751e8b465ee728b)  -> (artifact id: 'df6dadc76fa8c5f512e1c1a5b8791c93') in 0.035238 seconds
  Import took 0.055260 seconds .

========================================================================
Received Import Request.
  Time since last request: 1.179199 seconds.
  path: Assets/Data/Characters/Enemies/School/Mr.Lovewell.asset
  artifactKey: Guid(89f5c2a5eb7a86c408ebd2a21c1c6c2f) Importer(815301076,1909f56bfc062723c751e8b465ee728b)
Start importing Assets/Data/Characters/Enemies/School/Mr.Lovewell.asset using Guid(89f5c2a5eb7a86c408ebd2a21c1c6c2f) Importer(815301076,1909f56bfc062723c751e8b465ee728b)  -> (artifact id: '8cb50f2bba091b441b6c1f6f7ce66a2e') in 0.010524 seconds
  Import took 0.030750 seconds .

========================================================================
Received Import Request.
  Time since last request: 1.038463 seconds.
  path: Assets/Data/Characters/Enemies/School/Mr.Lovewell.asset
  artifactKey: Guid(89f5c2a5eb7a86c408ebd2a21c1c6c2f) Importer(815301076,1909f56bfc062723c751e8b465ee728b)
Start importing Assets/Data/Characters/Enemies/School/Mr.Lovewell.asset using Guid(89f5c2a5eb7a86c408ebd2a21c1c6c2f) Importer(815301076,1909f56bfc062723c751e8b465ee728b)  -> (artifact id: '285bb00310d6a4eadce6b93e08c0f67c') in 0.011052 seconds
  Import took 0.031790 seconds .

========================================================================
Received Import Request.
  Time since last request: 16.016607 seconds.
  path: Assets/Data/Characters/Enemies/School/Mr.Lovewell.asset
  artifactKey: Guid(89f5c2a5eb7a86c408ebd2a21c1c6c2f) Importer(815301076,1909f56bfc062723c751e8b465ee728b)
Start importing Assets/Data/Characters/Enemies/School/Mr.Lovewell.asset using Guid(89f5c2a5eb7a86c408ebd2a21c1c6c2f) Importer(815301076,1909f56bfc062723c751e8b465ee728b)  -> (artifact id: '3f9eb991f4992bed3ce8738d771fc50c') in 0.021537 seconds
  Import took 0.029566 seconds .

========================================================================
Received Import Request.
  Time since last request: 12.265088 seconds.
  path: Assets/Data/Characters/Enemies/School/Mr.Lovewell.asset
  artifactKey: Guid(89f5c2a5eb7a86c408ebd2a21c1c6c2f) Importer(815301076,1909f56bfc062723c751e8b465ee728b)
Start importing Assets/Data/Characters/Enemies/School/Mr.Lovewell.asset using Guid(89f5c2a5eb7a86c408ebd2a21c1c6c2f) Importer(815301076,1909f56bfc062723c751e8b465ee728b)  -> (artifact id: 'e70587eba5be12fbb3c6f9649dffcf25') in 0.009663 seconds
  Import took 0.024721 seconds .

========================================================================
Received Import Request.
  Time since last request: 11.685415 seconds.
  path: Assets/Data/EnemyGroups/school/sch_en_gr_1.asset
  artifactKey: Guid(9dea9e9f63bb7144583f80d2fd5b255b) Importer(815301076,1909f56bfc062723c751e8b465ee728b)
Start importing Assets/Data/EnemyGroups/school/sch_en_gr_1.asset using Guid(9dea9e9f63bb7144583f80d2fd5b255b) Importer(815301076,1909f56bfc062723c751e8b465ee728b)  -> (artifact id: '9ccf4bebf58d9ef79d065a796e3ca56d') in 0.367835 seconds
  Import took 0.374995 seconds .

========================================================================
Received Import Request.
  Time since last request: 3.382284 seconds.
  path: Assets/Data/EnemyGroups/school/sch_en_gr_1.asset
  artifactKey: Guid(9dea9e9f63bb7144583f80d2fd5b255b) Importer(815301076,1909f56bfc062723c751e8b465ee728b)
Start importing Assets/Data/EnemyGroups/school/sch_en_gr_1.asset using Guid(9dea9e9f63bb7144583f80d2fd5b255b) Importer(815301076,1909f56bfc062723c751e8b465ee728b)  -> (artifact id: '57e5d8b09f70301b6693f208806f334d') in 0.012366 seconds
  Import took 0.024117 seconds .

========================================================================
Received Import Request.
  Time since last request: 6.994352 seconds.
  path: Assets/Data/EnemyGroups/school/sch_en_gr_1.asset
  artifactKey: Guid(9dea9e9f63bb7144583f80d2fd5b255b) Importer(815301076,1909f56bfc062723c751e8b465ee728b)
Start importing Assets/Data/EnemyGroups/school/sch_en_gr_1.asset using Guid(9dea9e9f63bb7144583f80d2fd5b255b) Importer(815301076,1909f56bfc062723c751e8b465ee728b)  -> (artifact id: '47a12220b6c1415c1bf349aeb72647d6') in 0.013515 seconds
  Import took 0.037807 seconds .

========================================================================
Received Import Request.
  Time since last request: 10.510190 seconds.
  path: Assets/Data/Characters/Enemies/School/Man Teacher.asset
  artifactKey: Guid(49cf4a96a7fdfbd4bbdd7ade3e2b389e) Importer(815301076,1909f56bfc062723c751e8b465ee728b)
Start importing Assets/Data/Characters/Enemies/School/Man Teacher.asset using Guid(49cf4a96a7fdfbd4bbdd7ade3e2b389e) Importer(815301076,1909f56bfc062723c751e8b465ee728b)  -> (artifact id: '4d6aa17f3b88686bc80ecff06102c0dc') in 0.017628 seconds
  Import took 0.038755 seconds .

========================================================================
Received Import Request.
  Time since last request: 4.700166 seconds.
  path: Assets/Data/Characters/Enemies/School/Man Teacher.asset
  artifactKey: Guid(49cf4a96a7fdfbd4bbdd7ade3e2b389e) Importer(815301076,1909f56bfc062723c751e8b465ee728b)
Start importing Assets/Data/Characters/Enemies/School/Man Teacher.asset using Guid(49cf4a96a7fdfbd4bbdd7ade3e2b389e) Importer(815301076,1909f56bfc062723c751e8b465ee728b)  -> (artifact id: '4c006261dc1c8f245a7573dbb7662f2f') in 0.006731 seconds
  Import took 0.016256 seconds .

========================================================================
Received Import Request.
  Time since last request: 2.082081 seconds.
  path: Assets/Data/Characters/Enemies/School/Man Teacher.asset
  artifactKey: Guid(49cf4a96a7fdfbd4bbdd7ade3e2b389e) Importer(815301076,1909f56bfc062723c751e8b465ee728b)
Start importing Assets/Data/Characters/Enemies/School/Man Teacher.asset using Guid(49cf4a96a7fdfbd4bbdd7ade3e2b389e) Importer(815301076,1909f56bfc062723c751e8b465ee728b)  -> (artifact id: '8e1d9ca35d9820b988f48158d236ca73') in 0.007225 seconds
  Import took 0.014023 seconds .

========================================================================
Received Import Request.
  Time since last request: 10.568129 seconds.
  path: Assets/Data/Characters/Enemies/School/Man Teacher.asset
  artifactKey: Guid(49cf4a96a7fdfbd4bbdd7ade3e2b389e) Importer(815301076,1909f56bfc062723c751e8b465ee728b)
Start importing Assets/Data/Characters/Enemies/School/Man Teacher.asset using Guid(49cf4a96a7fdfbd4bbdd7ade3e2b389e) Importer(815301076,1909f56bfc062723c751e8b465ee728b)  -> (artifact id: 'c25f365bb9fd396b626bbf921555de0f') in 0.007254 seconds
  Import took 0.020819 seconds .

========================================================================
Received Import Request.
  Time since last request: 4.116334 seconds.
  path: Assets/Data/Characters/Enemies/School/Man Teacher.asset
  artifactKey: Guid(49cf4a96a7fdfbd4bbdd7ade3e2b389e) Importer(815301076,1909f56bfc062723c751e8b465ee728b)
Start importing Assets/Data/Characters/Enemies/School/Man Teacher.asset using Guid(49cf4a96a7fdfbd4bbdd7ade3e2b389e) Importer(815301076,1909f56bfc062723c751e8b465ee728b)  -> (artifact id: 'b11ec2a55bdf07974ab7800426a1609e') in 0.007416 seconds
  Import took 0.024178 seconds .

========================================================================
Received Import Request.
  Time since last request: 11.152083 seconds.
  path: Assets/Data/Characters/Enemies/School/Man Teacher.asset
  artifactKey: Guid(49cf4a96a7fdfbd4bbdd7ade3e2b389e) Importer(815301076,1909f56bfc062723c751e8b465ee728b)
Start importing Assets/Data/Characters/Enemies/School/Man Teacher.asset using Guid(49cf4a96a7fdfbd4bbdd7ade3e2b389e) Importer(815301076,1909f56bfc062723c751e8b465ee728b)  -> (artifact id: 'f55b53bf5ab433b7ea1771b5336cde12') in 0.006701 seconds
  Import took 0.026479 seconds .

========================================================================
Received Import Request.
  Time since last request: 0.471220 seconds.
  path: Assets/Data/Characters/Enemies/School/Man Teacher.asset
  artifactKey: Guid(49cf4a96a7fdfbd4bbdd7ade3e2b389e) Importer(815301076,1909f56bfc062723c751e8b465ee728b)
Start importing Assets/Data/Characters/Enemies/School/Man Teacher.asset using Guid(49cf4a96a7fdfbd4bbdd7ade3e2b389e) Importer(815301076,1909f56bfc062723c751e8b465ee728b)  -> (artifact id: '4b00739408160ab1b33be04eb60dd0c1') in 0.006827 seconds
  Import took 0.017473 seconds .

========================================================================
Received Import Request.
  Time since last request: 2.996722 seconds.
  path: Assets/Data/Characters/Enemies/School/Man Teacher.asset
  artifactKey: Guid(49cf4a96a7fdfbd4bbdd7ade3e2b389e) Importer(815301076,1909f56bfc062723c751e8b465ee728b)
Start importing Assets/Data/Characters/Enemies/School/Man Teacher.asset using Guid(49cf4a96a7fdfbd4bbdd7ade3e2b389e) Importer(815301076,1909f56bfc062723c751e8b465ee728b)  -> (artifact id: 'c468a68ad022752a3b2ee5ca88808294') in 0.006165 seconds
  Import took 0.012975 seconds .

========================================================================
Received Import Request.
  Time since last request: 4.637044 seconds.
  path: Assets/Data/Characters/Enemies/School/Man Teacher.asset
  artifactKey: Guid(49cf4a96a7fdfbd4bbdd7ade3e2b389e) Importer(815301076,1909f56bfc062723c751e8b465ee728b)
Start importing Assets/Data/Characters/Enemies/School/Man Teacher.asset using Guid(49cf4a96a7fdfbd4bbdd7ade3e2b389e) Importer(815301076,1909f56bfc062723c751e8b465ee728b)  -> (artifact id: 'c94a04c78781bbbb394858752e2606d2') in 0.007687 seconds
  Import took 0.027239 seconds .

========================================================================
Received Import Request.
  Time since last request: 0.007629 seconds.
  path: Assets/Data/Characters/Enemies/School/Man Teacher.asset
  artifactKey: Guid(49cf4a96a7fdfbd4bbdd7ade3e2b389e) Importer(815301076,1909f56bfc062723c751e8b465ee728b)
Start importing Assets/Data/Characters/Enemies/School/Man Teacher.asset using Guid(49cf4a96a7fdfbd4bbdd7ade3e2b389e) Importer(815301076,1909f56bfc062723c751e8b465ee728b)  -> (artifact id: 'c94a04c78781bbbb394858752e2606d2') in 0.006301 seconds
  Import took 0.013325 seconds .

========================================================================
Received Import Request.
  Time since last request: 1.734000 seconds.
  path: Assets/Data/Characters/Enemies/School/Man Teacher.asset
  artifactKey: Guid(49cf4a96a7fdfbd4bbdd7ade3e2b389e) Importer(815301076,1909f56bfc062723c751e8b465ee728b)
Start importing Assets/Data/Characters/Enemies/School/Man Teacher.asset using Guid(49cf4a96a7fdfbd4bbdd7ade3e2b389e) Importer(815301076,1909f56bfc062723c751e8b465ee728b)  -> (artifact id: 'f10c26d9403e4d48c6baf7917d6341e7') in 0.007194 seconds
  Import took 0.026007 seconds .

========================================================================
Received Import Request.
  Time since last request: 15.079083 seconds.
  path: Assets/Data/EnemyGroups/school/sch_en_gr_3.asset
  artifactKey: Guid(c186f7ef52bacc34191163830af37283) Importer(815301076,1909f56bfc062723c751e8b465ee728b)
Start importing Assets/Data/EnemyGroups/school/sch_en_gr_3.asset using Guid(c186f7ef52bacc34191163830af37283) Importer(815301076,1909f56bfc062723c751e8b465ee728b)  -> (artifact id: '6134025485dace138efe2cc6c6c989c1') in 0.025520 seconds
  Import took 0.043716 seconds .

========================================================================
Received Import Request.
  Time since last request: 9.212793 seconds.
  path: Assets/Data/EnemyGroups/school/sch_en_gr_3.asset
  artifactKey: Guid(c186f7ef52bacc34191163830af37283) Importer(815301076,1909f56bfc062723c751e8b465ee728b)
Start importing Assets/Data/EnemyGroups/school/sch_en_gr_3.asset using Guid(c186f7ef52bacc34191163830af37283) Importer(815301076,1909f56bfc062723c751e8b465ee728b)  -> (artifact id: '33770d26da56dd0ac24a72a4a66f55b2') in 0.019154 seconds
  Import took 0.044686 seconds .

========================================================================
Received Import Request.
  Time since last request: 20.339585 seconds.
  path: Assets/Data/Characters/Enemies/School/Woman teacher.asset
  artifactKey: Guid(61fde98f8f45c3e4b8df4a7962a5e268) Importer(815301076,1909f56bfc062723c751e8b465ee728b)
Start importing Assets/Data/Characters/Enemies/School/Woman teacher.asset using Guid(61fde98f8f45c3e4b8df4a7962a5e268) Importer(815301076,1909f56bfc062723c751e8b465ee728b)  -> (artifact id: 'ba4b08fed3cadc66637eac80f4fd9424') in 0.025578 seconds
  Import took 0.043259 seconds .

========================================================================
Received Import Request.
  Time since last request: 0.001033 seconds.
  path: Assets/Data/Characters/Enemies/School/Woman teacher.asset
  artifactKey: Guid(61fde98f8f45c3e4b8df4a7962a5e268) Importer(815301076,1909f56bfc062723c751e8b465ee728b)
Start importing Assets/Data/Characters/Enemies/School/Woman teacher.asset using Guid(61fde98f8f45c3e4b8df4a7962a5e268) Importer(815301076,1909f56bfc062723c751e8b465ee728b)  -> (artifact id: 'ba4b08fed3cadc66637eac80f4fd9424') in 0.007594 seconds
  Import took 0.014028 seconds .

========================================================================
Received Import Request.
  Time since last request: 8.777262 seconds.
  path: Assets/Data/Characters/Enemies/School/Man Teacher.asset
  artifactKey: Guid(49cf4a96a7fdfbd4bbdd7ade3e2b389e) Importer(815301076,1909f56bfc062723c751e8b465ee728b)
Start importing Assets/Data/Characters/Enemies/School/Man Teacher.asset using Guid(49cf4a96a7fdfbd4bbdd7ade3e2b389e) Importer(815301076,1909f56bfc062723c751e8b465ee728b)  -> (artifact id: 'f4a3e17863d7b3c0e022595246183c7b') in 0.006830 seconds
  Import took 0.022875 seconds .

========================================================================
Received Import Request.
  Time since last request: 0.001277 seconds.
  path: Assets/Data/Characters/Enemies/School/Man Teacher.asset
  artifactKey: Guid(49cf4a96a7fdfbd4bbdd7ade3e2b389e) Importer(815301076,1909f56bfc062723c751e8b465ee728b)
Start importing Assets/Data/Characters/Enemies/School/Man Teacher.asset using Guid(49cf4a96a7fdfbd4bbdd7ade3e2b389e) Importer(815301076,1909f56bfc062723c751e8b465ee728b)  -> (artifact id: 'f4a3e17863d7b3c0e022595246183c7b') in 0.006083 seconds
  Import took 0.013119 seconds .

========================================================================
Received Import Request.
  Time since last request: 7.763158 seconds.
  path: Assets/Data/Characters/Enemies/School/Man Teacher.asset
  artifactKey: Guid(49cf4a96a7fdfbd4bbdd7ade3e2b389e) Importer(815301076,1909f56bfc062723c751e8b465ee728b)
Start importing Assets/Data/Characters/Enemies/School/Man Teacher.asset using Guid(49cf4a96a7fdfbd4bbdd7ade3e2b389e) Importer(815301076,1909f56bfc062723c751e8b465ee728b)  -> (artifact id: '777258f6236944b34846cb7bbee64b23') in 0.008147 seconds
  Import took 0.020371 seconds .

========================================================================
Received Import Request.
  Time since last request: 5.829542 seconds.
  path: Assets/Data/Characters/Enemies/School/Man Teacher.asset
  artifactKey: Guid(49cf4a96a7fdfbd4bbdd7ade3e2b389e) Importer(815301076,1909f56bfc062723c751e8b465ee728b)
Start importing Assets/Data/Characters/Enemies/School/Man Teacher.asset using Guid(49cf4a96a7fdfbd4bbdd7ade3e2b389e) Importer(815301076,1909f56bfc062723c751e8b465ee728b)  -> (artifact id: 'f51b88a2854cf01a6d1affff82cd7ae7') in 0.007871 seconds
  Import took 0.014877 seconds .

========================================================================
Received Import Request.
  Time since last request: 5.383584 seconds.
  path: Assets/Data/Characters/Enemies/School/Man Teacher.asset
  artifactKey: Guid(49cf4a96a7fdfbd4bbdd7ade3e2b389e) Importer(815301076,1909f56bfc062723c751e8b465ee728b)
Start importing Assets/Data/Characters/Enemies/School/Man Teacher.asset using Guid(49cf4a96a7fdfbd4bbdd7ade3e2b389e) Importer(815301076,1909f56bfc062723c751e8b465ee728b)  -> (artifact id: '134f9f5362409c3d43b317472fd33d62') in 0.008280 seconds
  Import took 0.019811 seconds .

========================================================================
Received Prepare
Shader 'Universal Render Pipeline/Particles/Lit': fallback shader 'Universal Render Pipeline/Particles/SimpleLit' not found
Refreshing native plugins compatible for Editor in 7.24 ms, found 0 plugins.
Preloading 0 native plugins for Editor in 0.00 ms.
Unloading 27 Unused Serialized files (Serialized files now loaded: 0)
System memory in use before: 90.4 MB.
System memory in use after: 90.6 MB.

Unloading 27 unused Assets to reduce memory usage. Loaded Objects now: 3390.
Total: 3.210400 ms (FindLiveObjects: 0.275700 ms CreateObjectMapping: 0.118500 ms MarkObjects: 2.767800 ms  DeleteObjects: 0.047300 ms)

========================================================================
Received Import Request.
  Time since last request: 4307.513404 seconds.
  path: Assets/Data/EnemyGroups/school/sch_en_gr_3.asset
  artifactKey: Guid(c186f7ef52bacc34191163830af37283) Importer(815301076,1909f56bfc062723c751e8b465ee728b)
Start importing Assets/Data/EnemyGroups/school/sch_en_gr_3.asset using Guid(c186f7ef52bacc34191163830af37283) Importer(815301076,1909f56bfc062723c751e8b465ee728b)  -> (artifact id: 'd304596c8dd04339991a983cd13255bb') in 0.682568 seconds
  Import took 1.007796 seconds .

========================================================================
Received Import Request.
  Time since last request: 33.052109 seconds.
  path: Assets/Data/EnemyGroups/school/sch_en_gr_5.asset
  artifactKey: Guid(db230fc35a4cd1d4eafa93042bbd0f8d) Importer(815301076,1909f56bfc062723c751e8b465ee728b)
Start importing Assets/Data/EnemyGroups/school/sch_en_gr_5.asset using Guid(db230fc35a4cd1d4eafa93042bbd0f8d) Importer(815301076,1909f56bfc062723c751e8b465ee728b)  -> (artifact id: 'f75ac6dcbb446be8c15469f27d319884') in 0.131536 seconds
  Import took 0.138361 seconds .

========================================================================
Received Prepare
Shader 'Universal Render Pipeline/Particles/Lit': fallback shader 'Universal Render Pipeline/Particles/SimpleLit' not found
Refreshing native plugins compatible for Editor in 103.37 ms, found 0 plugins.
Preloading 0 native plugins for Editor in 0.00 ms.
Unloading 27 Unused Serialized files (Serialized files now loaded: 0)
System memory in use before: 90.4 MB.
System memory in use after: 90.6 MB.

Unloading 27 unused Assets to reduce memory usage. Loaded Objects now: 3390.
Total: 48.715200 ms (FindLiveObjects: 0.341400 ms CreateObjectMapping: 0.120200 ms MarkObjects: 48.201500 ms  DeleteObjects: 0.050400 ms)

