Using pre-set license
Built from '2020.2/staging' branch; Version is '2020.2.3f1 (8ff31bc5bf5b) revision 9433883'; Using compiler version '192528614'; Build Type 'Release'
OS: 'Windows 10 Home; OS build 19042.1237; Version 2009; 64bit' Language: 'en' Physical Memory: 8106 MB
BatchMode: 1, IsHumanControllingUs: 0, StartBugReporterOnCrash: 0, Is64bit: 1, IsPro: 0

 COMMAND LINE ARGUMENTS:
C:\Program Files\Unity\Hub\Editor\2020.2.3f1\Editor\Unity.exe
-adb2
-batchMode
-noUpm
-name
AssetImportWorker2
-projectPath
C:/Users/hamza/Own Games/Unity/InDevelopment/Moral spirit
-logFile
Logs/AssetImportWorker2.log
-srvPort
59670
Successfully changed project path to: C:/Users/hamza/Own Games/Unity/InDevelopment/Moral spirit
C:/Users/hamza/Own Games/Unity/InDevelopment/Moral spirit
Using Asset Import Pipeline V2.
Refreshing native plugins compatible for Editor in 75.11 ms, found 0 plugins.
Preloading 0 native plugins for Editor in 0.00 ms.
Initialize engine version: 2020.2.3f1 (8ff31bc5bf5b)
[Subsystems] Discovering subsystems at path C:/Program Files/Unity/Hub/Editor/2020.2.3f1/Editor/Data/Resources/UnitySubsystems
[Subsystems] Discovering subsystems at path C:/Users/hamza/Own Games/Unity/InDevelopment/Moral spirit/Assets
GfxDevice: creating device client; threaded=0
Direct3D:
    Version:  Direct3D 11.0 [level 11.0]
    Renderer: NVIDIA GeForce GTX 750 Ti (ID=0x1380)
    Vendor:   
    VRAM:     2007 MB
    Driver:   30.0.14.7141
Shader 'Universal Render Pipeline/Particles/Lit': fallback shader 'Universal Render Pipeline/Particles/SimpleLit' not found
Initialize mono
Mono path[0] = 'C:/Program Files/Unity/Hub/Editor/2020.2.3f1/Editor/Data/Managed'
Mono path[1] = 'C:/Program Files/Unity/Hub/Editor/2020.2.3f1/Editor/Data/MonoBleedingEdge/lib/mono/unityjit'
Mono config path = 'C:/Program Files/Unity/Hub/Editor/2020.2.3f1/Editor/Data/MonoBleedingEdge/etc'
Using monoOptions --debugger-agent=transport=dt_socket,embedding=1,server=y,suspend=n,address=127.0.0.1:56896
Begin MonoManager ReloadAssembly
Registering precompiled unity dll's ...
Register platform support module: C:/Program Files/Unity/Hub/Editor/2020.2.3f1/Editor/Data/PlaybackEngines/MacStandaloneSupport/UnityEditor.OSXStandalone.Extensions.dll
Register platform support module: C:/Program Files/Unity/Hub/Editor/2020.2.3f1/Editor/Data/PlaybackEngines/WindowsStandaloneSupport/UnityEditor.WindowsStandalone.Extensions.dll
Registered in 0.002500 seconds.
Native extension for WindowsStandalone target not found
Native extension for OSXStandalone target not found
Refreshing native plugins compatible for Editor in 65.86 ms, found 0 plugins.
Preloading 0 native plugins for Editor in 0.00 ms.
Invoked RoslynAnalysisRunner static constructor.
RoslynAnalysisRunner will not be running.
RoslynAnalysisRunner has terminated.
Mono: successfully reloaded assembly
- Completed reload, in  1.087 seconds
Platform modules already initialized, skipping
Registering precompiled user dll's ...
Registered in 0.005112 seconds.
Begin MonoManager ReloadAssembly
Native extension for WindowsStandalone target not found
Native extension for OSXStandalone target not found
Refreshing native plugins compatible for Editor in 69.17 ms, found 0 plugins.
Preloading 0 native plugins for Editor in 0.00 ms.
Invoked RoslynAnalysisRunner static constructor.
RoslynAnalysisRunner will not be running.
RoslynAnalysisRunner has terminated.
Mono: successfully reloaded assembly
- Completed reload, in  2.047 seconds
Platform modules already initialized, skipping
========================================================================
Worker process is ready to serve import requests
Shader 'Universal Render Pipeline/Particles/Lit': fallback shader 'Universal Render Pipeline/Particles/SimpleLit' not found
Launched and connected shader compiler UnityShaderCompiler.exe after 0.19 seconds
Refreshing native plugins compatible for Editor in 0.71 ms, found 0 plugins.
Preloading 0 native plugins for Editor in 0.00 ms.
Unloading 2940 Unused Serialized files (Serialized files now loaded: 0)
System memory in use before: 152.6 MB.
System memory in use after: 152.8 MB.

Unloading 37 unused Assets to reduce memory usage. Loaded Objects now: 3390.
Total: 2.604800 ms (FindLiveObjects: 0.434300 ms CreateObjectMapping: 0.126400 ms MarkObjects: 1.975800 ms  DeleteObjects: 0.067200 ms)

========================================================================
Received Import Request.
  path: Assets/Data/Characters/Enemies/Subway/Aggressive boy.asset
  artifactKey: Guid(549ccc0845d52cc4085852aa19308d82) Importer(815301076,1909f56bfc062723c751e8b465ee728b)
Start importing Assets/Data/Characters/Enemies/Subway/Aggressive boy.asset using Guid(549ccc0845d52cc4085852aa19308d82) Importer(815301076,1909f56bfc062723c751e8b465ee728b)  -> (artifact id: 'd000e378753a6df0ffe6d829eed975ba') in 0.281402 seconds
  Import took 0.328807 seconds .

========================================================================
Received Prepare
Registering precompiled user dll's ...
Registered in 0.010583 seconds.
Begin MonoManager ReloadAssembly
Native extension for WindowsStandalone target not found
Native extension for OSXStandalone target not found
Refreshing native plugins compatible for Editor in 1.18 ms, found 0 plugins.
Preloading 0 native plugins for Editor in 0.00 ms.
Invoked RoslynAnalysisRunner static constructor.
RoslynAnalysisRunner will not be running.
RoslynAnalysisRunner has terminated.
Mono: successfully reloaded assembly
- Completed reload, in  2.061 seconds
Platform modules already initialized, skipping
Shader 'Universal Render Pipeline/Particles/Lit': fallback shader 'Universal Render Pipeline/Particles/SimpleLit' not found
Refreshing native plugins compatible for Editor in 1.19 ms, found 0 plugins.
Preloading 0 native plugins for Editor in 0.00 ms.
Unloading 2809 Unused Serialized files (Serialized files now loaded: 0)
System memory in use before: 145.0 MB.
System memory in use after: 145.2 MB.

Unloading 29 unused Assets to reduce memory usage. Loaded Objects now: 3392.
Total: 4.073800 ms (FindLiveObjects: 0.449000 ms CreateObjectMapping: 0.224300 ms MarkObjects: 3.220000 ms  DeleteObjects: 0.178800 ms)

========================================================================
Received Prepare
Registering precompiled user dll's ...
Registered in 0.007682 seconds.
Begin MonoManager ReloadAssembly
Native extension for WindowsStandalone target not found
Native extension for OSXStandalone target not found
Refreshing native plugins compatible for Editor in 0.86 ms, found 0 plugins.
Preloading 0 native plugins for Editor in 0.00 ms.
Invoked RoslynAnalysisRunner static constructor.
RoslynAnalysisRunner will not be running.
RoslynAnalysisRunner has terminated.
Mono: successfully reloaded assembly
- Completed reload, in  1.384 seconds
Platform modules already initialized, skipping
Shader 'Universal Render Pipeline/Particles/Lit': fallback shader 'Universal Render Pipeline/Particles/SimpleLit' not found
Refreshing native plugins compatible for Editor in 1.12 ms, found 0 plugins.
Preloading 0 native plugins for Editor in 0.00 ms.
Unloading 2809 Unused Serialized files (Serialized files now loaded: 0)
System memory in use before: 145.0 MB.
System memory in use after: 145.3 MB.

Unloading 29 unused Assets to reduce memory usage. Loaded Objects now: 3394.
Total: 4.426300 ms (FindLiveObjects: 0.552800 ms CreateObjectMapping: 0.368100 ms MarkObjects: 3.474600 ms  DeleteObjects: 0.028800 ms)

========================================================================
Received Import Request.
  Time since last request: 2913.071814 seconds.
  path: Assets/Data/Characters/Enemies/Final Bosses/Gabriel.asset
  artifactKey: Guid(55307863b9a77794786d8f7536760b83) Importer(815301076,1909f56bfc062723c751e8b465ee728b)
Start importing Assets/Data/Characters/Enemies/Final Bosses/Gabriel.asset using Guid(55307863b9a77794786d8f7536760b83) Importer(815301076,1909f56bfc062723c751e8b465ee728b)  -> (artifact id: '4bf7a650266a84691a70501adb0e6ecf') in 0.344061 seconds
  Import took 0.412396 seconds .

========================================================================
Received Import Request.
  Time since last request: 0.000384 seconds.
  path: Assets/Data/Characters/Enemies/Final Bosses/Micheal.asset
  artifactKey: Guid(25eb17ca41ef7cd419480a0c0d6aa8a6) Importer(815301076,1909f56bfc062723c751e8b465ee728b)
Start importing Assets/Data/Characters/Enemies/Final Bosses/Micheal.asset using Guid(25eb17ca41ef7cd419480a0c0d6aa8a6) Importer(815301076,1909f56bfc062723c751e8b465ee728b)  -> (artifact id: '36363cdd1a3fbf1d15336490ba49f56b') in 0.350528 seconds
  Import took 0.358073 seconds .

========================================================================
Received Import Request.
  Time since last request: 0.000368 seconds.
  path: Assets/Data/Characters/Enemies/Final Bosses/King Abaddon.asset
  artifactKey: Guid(5be311a9499eb1a46a2052db45723e4f) Importer(815301076,1909f56bfc062723c751e8b465ee728b)
Start importing Assets/Data/Characters/Enemies/Final Bosses/King Abaddon.asset using Guid(5be311a9499eb1a46a2052db45723e4f) Importer(815301076,1909f56bfc062723c751e8b465ee728b)  -> (artifact id: '8004ee9b6595888804ed9c83dafe52d1') in 0.658088 seconds
  Import took 0.704982 seconds .

========================================================================
Received Import Request.
  Time since last request: 87.926198 seconds.
  path: Assets/Data/Characters/Enemies/Final Bosses/King Abaddon.asset
  artifactKey: Guid(5be311a9499eb1a46a2052db45723e4f) Importer(815301076,1909f56bfc062723c751e8b465ee728b)
Start importing Assets/Data/Characters/Enemies/Final Bosses/King Abaddon.asset using Guid(5be311a9499eb1a46a2052db45723e4f) Importer(815301076,1909f56bfc062723c751e8b465ee728b)  -> (artifact id: 'cfe4d8c94af0fb143576194ce66890f7') in 0.032222 seconds
  Import took 0.050708 seconds .

========================================================================
Received Import Request.
  Time since last request: 21.605249 seconds.
  path: Assets/Data/Characters/Enemies/Final Bosses/Gabriel.asset
  artifactKey: Guid(55307863b9a77794786d8f7536760b83) Importer(815301076,1909f56bfc062723c751e8b465ee728b)
Start importing Assets/Data/Characters/Enemies/Final Bosses/Gabriel.asset using Guid(55307863b9a77794786d8f7536760b83) Importer(815301076,1909f56bfc062723c751e8b465ee728b)  -> (artifact id: '5a9f332b81ec6d4fb6a8be0318f8d2a1') in 0.016099 seconds
  Import took 0.044615 seconds .

========================================================================
Received Import Request.
  Time since last request: 0.000289 seconds.
  path: Assets/Data/Characters/Enemies/Final Bosses/Micheal.asset
  artifactKey: Guid(25eb17ca41ef7cd419480a0c0d6aa8a6) Importer(815301076,1909f56bfc062723c751e8b465ee728b)
Start importing Assets/Data/Characters/Enemies/Final Bosses/Micheal.asset using Guid(25eb17ca41ef7cd419480a0c0d6aa8a6) Importer(815301076,1909f56bfc062723c751e8b465ee728b)  -> (artifact id: '7c2db9fd809687c0139f4ba494616495') in 0.019073 seconds
  Import took 0.029072 seconds .

========================================================================
Received Import Request.
  Time since last request: 28.685211 seconds.
  path: Assets/Data/Characters/Enemies/Final Bosses/King Abaddon.asset
  artifactKey: Guid(5be311a9499eb1a46a2052db45723e4f) Importer(815301076,1909f56bfc062723c751e8b465ee728b)
Start importing Assets/Data/Characters/Enemies/Final Bosses/King Abaddon.asset using Guid(5be311a9499eb1a46a2052db45723e4f) Importer(815301076,1909f56bfc062723c751e8b465ee728b)  -> (artifact id: '97ac7ba845e517df0e61b4c69cbc5114') in 0.030449 seconds
  Import took 0.042512 seconds .

========================================================================
Received Import Request.
  Time since last request: 32.685726 seconds.
  path: Assets/Data/Legacy Moves/Light/Nirvana shine.asset
  artifactKey: Guid(5da7ac288f76789488ab1cb584427bf7) Importer(815301076,1909f56bfc062723c751e8b465ee728b)
Start importing Assets/Data/Legacy Moves/Light/Nirvana shine.asset using Guid(5da7ac288f76789488ab1cb584427bf7) Importer(815301076,1909f56bfc062723c751e8b465ee728b)  -> (artifact id: '7504424988421eb9f4b621b78b782acf') in 0.036219 seconds
  Import took 0.278038 seconds .

========================================================================
Received Import Request.
  Time since last request: 244.034067 seconds.
  path: Assets/Sound/moveSounds/testament.wav
  artifactKey: Guid(7ae412c2a3a50b64ba7b2605e6cef7b4) Importer(815301076,1909f56bfc062723c751e8b465ee728b)
Start importing Assets/Sound/moveSounds/testament.wav using Guid(7ae412c2a3a50b64ba7b2605e6cef7b4) Importer(815301076,1909f56bfc062723c751e8b465ee728b)  -> (artifact id: '357ba581837d64d5d7dd22ce8d0de020') in 1.289995 seconds
  Import took 1.299779 seconds .

========================================================================
Received Import Request.
  Time since last request: 38.526769 seconds.
  path: Assets/Data/Moves/Unknown/Testament.asset
  artifactKey: Guid(d7187a19b97061a46b8dd8db93788772) Importer(815301076,1909f56bfc062723c751e8b465ee728b)
Start importing Assets/Data/Moves/Unknown/Testament.asset using Guid(d7187a19b97061a46b8dd8db93788772) Importer(815301076,1909f56bfc062723c751e8b465ee728b)  -> (artifact id: '97dced6dabddc850ffae9b7cecbc8472') in 0.035839 seconds
  Import took 0.044767 seconds .

========================================================================
Received Import Request.
  Time since last request: 0.114164 seconds.
  path: Assets/Data/Moves/Unknown/Testament.asset
  artifactKey: Guid(d7187a19b97061a46b8dd8db93788772) Importer(815301076,1909f56bfc062723c751e8b465ee728b)
Start importing Assets/Data/Moves/Unknown/Testament.asset using Guid(d7187a19b97061a46b8dd8db93788772) Importer(815301076,1909f56bfc062723c751e8b465ee728b)  -> (artifact id: '97dced6dabddc850ffae9b7cecbc8472') in 0.005444 seconds
  Import took 0.014117 seconds .

========================================================================
Received Import Request.
  Time since last request: 157.206482 seconds.
  path: Assets/Data/Moves/Status/Heal/Strong support.asset
  artifactKey: Guid(5e83c982b0da9e443b10a6cf2faf4f34) Importer(815301076,1909f56bfc062723c751e8b465ee728b)
Start importing Assets/Data/Moves/Status/Heal/Strong support.asset using Guid(5e83c982b0da9e443b10a6cf2faf4f34) Importer(815301076,1909f56bfc062723c751e8b465ee728b)  -> (artifact id: '0538d71f5abfe3e975149ac3736bc701') in 0.013150 seconds
  Import took 0.021667 seconds .

========================================================================
Received Import Request.
  Time since last request: 31.863530 seconds.
  path: Assets/Data/Moves/Status/Heal/Strong support.asset
  artifactKey: Guid(5e83c982b0da9e443b10a6cf2faf4f34) Importer(815301076,1909f56bfc062723c751e8b465ee728b)
Start importing Assets/Data/Moves/Status/Heal/Strong support.asset using Guid(5e83c982b0da9e443b10a6cf2faf4f34) Importer(815301076,1909f56bfc062723c751e8b465ee728b)  -> (artifact id: '5c43bf5aa6f7aa710dc3753f5770f7aa') in 0.006869 seconds
  Import took 0.014205 seconds .

========================================================================
Received Import Request.
  Time since last request: 26.175477 seconds.
  path: Assets/Data/Moves/Status/Heal/Mid support.asset
  artifactKey: Guid(dfbbb08f5a339b94c808ed7ae8124e29) Importer(815301076,1909f56bfc062723c751e8b465ee728b)
Start importing Assets/Data/Moves/Status/Heal/Mid support.asset using Guid(dfbbb08f5a339b94c808ed7ae8124e29) Importer(815301076,1909f56bfc062723c751e8b465ee728b)  -> (artifact id: '7a2bc53a0c5183916c664fe06134c14e') in 0.069959 seconds
  Import took 0.078593 seconds .

========================================================================
Received Prepare
Shader 'Universal Render Pipeline/Particles/Lit': fallback shader 'Universal Render Pipeline/Particles/SimpleLit' not found
Refreshing native plugins compatible for Editor in 286.40 ms, found 0 plugins.
Preloading 0 native plugins for Editor in 0.00 ms.
Unloading 27 Unused Serialized files (Serialized files now loaded: 0)
System memory in use before: 93.6 MB.
System memory in use after: 93.8 MB.

Unloading 27 unused Assets to reduce memory usage. Loaded Objects now: 3403.
Total: 22.474700 ms (FindLiveObjects: 0.357900 ms CreateObjectMapping: 0.131100 ms MarkObjects: 21.951300 ms  DeleteObjects: 0.033000 ms)

========================================================================
Received Import Request.
  Time since last request: 7286.961804 seconds.
  path: Assets/Data/EnemyGroups/Final Bosses/final_boss.asset
  artifactKey: Guid(93c42189d9e4c2d498239ef9aa8a8efd) Importer(815301076,1909f56bfc062723c751e8b465ee728b)
Start importing Assets/Data/EnemyGroups/Final Bosses/final_boss.asset using Guid(93c42189d9e4c2d498239ef9aa8a8efd) Importer(815301076,1909f56bfc062723c751e8b465ee728b)  -> (artifact id: 'c52f0d3abc4ab3acb135bd816b3c9433') in 16.113494 seconds
  Import took 19.703392 seconds .

========================================================================
Received Import Request.
  Time since last request: 629.653126 seconds.
  path: Assets/Sprites/Animation/battleFX.controller
  artifactKey: Guid(2045f4594c55b9247aaae36759228073) Importer(815301076,1909f56bfc062723c751e8b465ee728b)
Start importing Assets/Sprites/Animation/battleFX.controller using Guid(2045f4594c55b9247aaae36759228073) Importer(815301076,1909f56bfc062723c751e8b465ee728b)  -> (artifact id: 'c563019887b39fe68131aeef69bd62a6') in 2.727072 seconds
  Import took 3.200581 seconds .

========================================================================
Received Import Request.
  Time since last request: 16.562514 seconds.
  path: Assets/Data/EnemyGroups/school/lovewell_boss.asset
  artifactKey: Guid(f69d216b751a6e044a5003adcae006c5) Importer(815301076,1909f56bfc062723c751e8b465ee728b)
Start importing Assets/Data/EnemyGroups/school/lovewell_boss.asset using Guid(f69d216b751a6e044a5003adcae006c5) Importer(815301076,1909f56bfc062723c751e8b465ee728b)  -> (artifact id: 'b299bb5098fe3285ba22cebfde1068d7') in 2.384462 seconds
  Import took 2.392088 seconds .

========================================================================
Received Import Request.
  Time since last request: 192.430793 seconds.
  path: Assets/Data/EnemyGroups/uni/uni_gr1.asset
  artifactKey: Guid(578e8dfbbb195644e9273912e31fc287) Importer(815301076,1909f56bfc062723c751e8b465ee728b)
Start importing Assets/Data/EnemyGroups/uni/uni_gr1.asset using Guid(578e8dfbbb195644e9273912e31fc287) Importer(815301076,1909f56bfc062723c751e8b465ee728b)  -> (artifact id: '519d7f9224a504d806a8ab8d419cbfb6') in 0.039525 seconds
  Import took 0.066015 seconds .

========================================================================
Received Import Request.
  Time since last request: 0.000217 seconds.
  path: Assets/Data/EnemyGroups/uni/uni_gr2.asset
  artifactKey: Guid(92a666f079fa6f845b6c7450e5e1155a) Importer(815301076,1909f56bfc062723c751e8b465ee728b)
Start importing Assets/Data/EnemyGroups/uni/uni_gr2.asset using Guid(92a666f079fa6f845b6c7450e5e1155a) Importer(815301076,1909f56bfc062723c751e8b465ee728b)  -> (artifact id: '5dc3ea589601782b5164c4333f1a81fc') in 0.334683 seconds
  Import took 0.340634 seconds .

========================================================================
Received Import Request.
  Time since last request: 2.155612 seconds.
  path: Assets/Data/EnemyGroups/uni/uni_gr3.asset
  artifactKey: Guid(7251f082b28bba04ab10a4ca53955f67) Importer(815301076,1909f56bfc062723c751e8b465ee728b)
Start importing Assets/Data/EnemyGroups/uni/uni_gr3.asset using Guid(7251f082b28bba04ab10a4ca53955f67) Importer(815301076,1909f56bfc062723c751e8b465ee728b)  -> (artifact id: 'be7b3dacd2df379340401a811df0d424') in 0.034870 seconds
  Import took 0.042105 seconds .

========================================================================
Received Import Request.
  Time since last request: 10.674026 seconds.
  path: Assets/Data/EnemyGroups/uni/uni_gr3.asset
  artifactKey: Guid(7251f082b28bba04ab10a4ca53955f67) Importer(815301076,1909f56bfc062723c751e8b465ee728b)
Start importing Assets/Data/EnemyGroups/uni/uni_gr3.asset using Guid(7251f082b28bba04ab10a4ca53955f67) Importer(815301076,1909f56bfc062723c751e8b465ee728b)  -> (artifact id: '395fee21e78a62e13392e60bfaae5c40') in 0.024189 seconds
  Import took 0.032037 seconds .

========================================================================
Received Import Request.
  Time since last request: 0.000224 seconds.
  path: Assets/Data/EnemyGroups/uni/uni_gr4.asset
  artifactKey: Guid(2ecbfb0d5946ade4383daa07bc8f763d) Importer(815301076,1909f56bfc062723c751e8b465ee728b)
Start importing Assets/Data/EnemyGroups/uni/uni_gr4.asset using Guid(2ecbfb0d5946ade4383daa07bc8f763d) Importer(815301076,1909f56bfc062723c751e8b465ee728b)  -> (artifact id: '06d6b7d1d5cc9f61bd90361af65a7aba') in 0.013742 seconds
  Import took 0.020277 seconds .

========================================================================
Received Import Request.
  Time since last request: 0.011913 seconds.
  path: Assets/Data/EnemyGroups/uni/uni_gr4.asset
  artifactKey: Guid(2ecbfb0d5946ade4383daa07bc8f763d) Importer(815301076,1909f56bfc062723c751e8b465ee728b)
Start importing Assets/Data/EnemyGroups/uni/uni_gr4.asset using Guid(2ecbfb0d5946ade4383daa07bc8f763d) Importer(815301076,1909f56bfc062723c751e8b465ee728b)  -> (artifact id: '06d6b7d1d5cc9f61bd90361af65a7aba') in 0.007326 seconds
  Import took 0.032231 seconds .

========================================================================
Received Import Request.
  Time since last request: 3.782192 seconds.
  path: Assets/Data/EnemyGroups/uni/uni_gr4.asset
  artifactKey: Guid(2ecbfb0d5946ade4383daa07bc8f763d) Importer(815301076,1909f56bfc062723c751e8b465ee728b)
Start importing Assets/Data/EnemyGroups/uni/uni_gr4.asset using Guid(2ecbfb0d5946ade4383daa07bc8f763d) Importer(815301076,1909f56bfc062723c751e8b465ee728b)  -> (artifact id: '1a339827a5d8f8cf19be9e4629a85dce') in 0.021534 seconds
  Import took 0.026902 seconds .

========================================================================
Received Import Request.
  Time since last request: 0.054272 seconds.
  path: Assets/Data/EnemyGroups/uni/uni_gr4.asset
  artifactKey: Guid(2ecbfb0d5946ade4383daa07bc8f763d) Importer(815301076,1909f56bfc062723c751e8b465ee728b)
Start importing Assets/Data/EnemyGroups/uni/uni_gr4.asset using Guid(2ecbfb0d5946ade4383daa07bc8f763d) Importer(815301076,1909f56bfc062723c751e8b465ee728b)  -> (artifact id: '1a339827a5d8f8cf19be9e4629a85dce') in 0.122632 seconds
  Import took 0.128948 seconds .

========================================================================
Received Import Request.
  Time since last request: 5.604148 seconds.
  path: Assets/Data/EnemyGroups/uni/mich_gab_boss.asset
  artifactKey: Guid(b57794a3919375e489ea1d7392097ab6) Importer(815301076,1909f56bfc062723c751e8b465ee728b)
Start importing Assets/Data/EnemyGroups/uni/mich_gab_boss.asset using Guid(b57794a3919375e489ea1d7392097ab6) Importer(815301076,1909f56bfc062723c751e8b465ee728b)  -> (artifact id: 'bec52700f97bf60ce36ddd066eaf2241') in 0.431913 seconds
  Import took 0.646779 seconds .

========================================================================
Received Import Request.
  Time since last request: 3.376235 seconds.
  path: Assets/Data/EnemyGroups/uni/mich_gab_boss.asset
  artifactKey: Guid(b57794a3919375e489ea1d7392097ab6) Importer(815301076,1909f56bfc062723c751e8b465ee728b)
Start importing Assets/Data/EnemyGroups/uni/mich_gab_boss.asset using Guid(b57794a3919375e489ea1d7392097ab6) Importer(815301076,1909f56bfc062723c751e8b465ee728b)  -> (artifact id: 'a6ed0de935936a0589a5873798416c29') in 0.010729 seconds
  Import took 0.037298 seconds .

========================================================================
Received Import Request.
  Time since last request: 0.005756 seconds.
  path: Assets/Data/EnemyGroups/uni/mich_gab_boss.asset
  artifactKey: Guid(b57794a3919375e489ea1d7392097ab6) Importer(815301076,1909f56bfc062723c751e8b465ee728b)
Start importing Assets/Data/EnemyGroups/uni/mich_gab_boss.asset using Guid(b57794a3919375e489ea1d7392097ab6) Importer(815301076,1909f56bfc062723c751e8b465ee728b)  -> (artifact id: 'a6ed0de935936a0589a5873798416c29') in 0.009647 seconds
  Import took 0.015294 seconds .

========================================================================
Received Import Request.
  Time since last request: 12.724779 seconds.
  path: Assets/Data/EnemyGroups/uni/en_uni_gr_1.asset
  artifactKey: Guid(4d30a3fd384b2754ba94825b29e97def) Importer(815301076,1909f56bfc062723c751e8b465ee728b)
Start importing Assets/Data/EnemyGroups/uni/en_uni_gr_1.asset using Guid(4d30a3fd384b2754ba94825b29e97def) Importer(815301076,1909f56bfc062723c751e8b465ee728b)  -> (artifact id: '0814550974b5f3d2778f12c51be1ffaa') in 0.032891 seconds
  Import took 0.039922 seconds .

========================================================================
Received Import Request.
  Time since last request: 5.367916 seconds.
  path: Assets/Data/EnemyGroups/Final Bosses/final_boss.asset
  artifactKey: Guid(93c42189d9e4c2d498239ef9aa8a8efd) Importer(815301076,1909f56bfc062723c751e8b465ee728b)
Start importing Assets/Data/EnemyGroups/Final Bosses/final_boss.asset using Guid(93c42189d9e4c2d498239ef9aa8a8efd) Importer(815301076,1909f56bfc062723c751e8b465ee728b)  -> (artifact id: '26468189c2e06734ec9d26d71aa5dd34') in 0.215742 seconds
  Import took 0.231158 seconds .

========================================================================
Received Import Request.
  Time since last request: 240.224953 seconds.
  path: Assets/Sprites/Tiles/uni/fortress_office_1.asset
  artifactKey: Guid(f8dce65c46f82ad4f95bf6dc55a8f600) Importer(815301076,1909f56bfc062723c751e8b465ee728b)
Start importing Assets/Sprites/Tiles/uni/fortress_office_1.asset using Guid(f8dce65c46f82ad4f95bf6dc55a8f600) Importer(815301076,1909f56bfc062723c751e8b465ee728b)  -> (artifact id: '98442e12b0376dcb8a13ebfa3a0b1b61') in 11.068247 seconds
  Import took 11.075521 seconds .

========================================================================
Received Import Request.
  Time since last request: 0.000485 seconds.
  path: Assets/Sprites/Tiles/uni/fortress_office_2.asset
  artifactKey: Guid(90fc82ddd0214364cb844b22457f0d80) Importer(815301076,1909f56bfc062723c751e8b465ee728b)
Start importing Assets/Sprites/Tiles/uni/fortress_office_2.asset using Guid(90fc82ddd0214364cb844b22457f0d80) Importer(815301076,1909f56bfc062723c751e8b465ee728b)  -> (artifact id: '02a7843013ccaf8b9d03c7006a37e5e9') in 0.110171 seconds
  Import took 0.116959 seconds .

========================================================================
Received Import Request.
  Time since last request: 0.000266 seconds.
  path: Assets/Sprites/Tiles/uni/fortress_office_5.asset
  artifactKey: Guid(377c18da1e26c1945a87fa7cd18d6f02) Importer(815301076,1909f56bfc062723c751e8b465ee728b)
Start importing Assets/Sprites/Tiles/uni/fortress_office_5.asset using Guid(377c18da1e26c1945a87fa7cd18d6f02) Importer(815301076,1909f56bfc062723c751e8b465ee728b)  -> (artifact id: '63b6b2646444a27eb14115577d1bca7a') in 0.099323 seconds
  Import took 0.103832 seconds .

========================================================================
Received Import Request.
  Time since last request: 0.000305 seconds.
  path: Assets/Sprites/Tiles/uni/fortress_office_8.asset
  artifactKey: Guid(3a79c43d01c834446a2302f0ecc00af6) Importer(815301076,1909f56bfc062723c751e8b465ee728b)
Start importing Assets/Sprites/Tiles/uni/fortress_office_8.asset using Guid(3a79c43d01c834446a2302f0ecc00af6) Importer(815301076,1909f56bfc062723c751e8b465ee728b)  -> (artifact id: 'a9a96598d642954da075ae9b153c623a') in 0.084905 seconds
  Import took 0.089394 seconds .

========================================================================
Received Import Request.
  Time since last request: 0.000226 seconds.
  path: Assets/Sprites/Tiles/uni/fortress_office_9.asset
  artifactKey: Guid(0e9b70dcc2c92284db84278020e77eef) Importer(815301076,1909f56bfc062723c751e8b465ee728b)
Start importing Assets/Sprites/Tiles/uni/fortress_office_9.asset using Guid(0e9b70dcc2c92284db84278020e77eef) Importer(815301076,1909f56bfc062723c751e8b465ee728b)  -> (artifact id: 'a736d8f372baa3cd9cb99e59aad054a0') in 0.013128 seconds
  Import took 0.019096 seconds .

========================================================================
Received Import Request.
  Time since last request: 0.000209 seconds.
  path: Assets/Sprites/Tiles/uni/fortress_office_6.asset
  artifactKey: Guid(52eb2b949252a8045a7c38e3b98e7b3d) Importer(815301076,1909f56bfc062723c751e8b465ee728b)
Start importing Assets/Sprites/Tiles/uni/fortress_office_6.asset using Guid(52eb2b949252a8045a7c38e3b98e7b3d) Importer(815301076,1909f56bfc062723c751e8b465ee728b)  -> (artifact id: '3bfc31bfd45219fe46dcf9abada432aa') in 0.039117 seconds
  Import took 0.045020 seconds .

========================================================================
Received Import Request.
  Time since last request: 0.000215 seconds.
  path: Assets/Sprites/Tiles/uni/fortress_office_4.asset
  artifactKey: Guid(c900dbda850deb64e8b60b71c1caabce) Importer(815301076,1909f56bfc062723c751e8b465ee728b)
Start importing Assets/Sprites/Tiles/uni/fortress_office_4.asset using Guid(c900dbda850deb64e8b60b71c1caabce) Importer(815301076,1909f56bfc062723c751e8b465ee728b)  -> (artifact id: '404c78a76350cdc7d882b6597a45e3a5') in 0.010415 seconds
  Import took 0.015310 seconds .

========================================================================
Received Import Request.
  Time since last request: 0.000212 seconds.
  path: Assets/Sprites/Tiles/uni/fortress_office_3.asset
  artifactKey: Guid(63076360d1b59e74e8ba32f4fe9eabeb) Importer(815301076,1909f56bfc062723c751e8b465ee728b)
Start importing Assets/Sprites/Tiles/uni/fortress_office_3.asset using Guid(63076360d1b59e74e8ba32f4fe9eabeb) Importer(815301076,1909f56bfc062723c751e8b465ee728b)  -> (artifact id: '82ba5af513bba7e481829f42e49b23bb') in 0.022052 seconds
  Import took 0.026787 seconds .

========================================================================
Received Import Request.
  Time since last request: 0.000184 seconds.
  path: Assets/Sprites/Tiles/uni/fortress_office_7.asset
  artifactKey: Guid(8c1c8b80066090b49b34b0a624f0621f) Importer(815301076,1909f56bfc062723c751e8b465ee728b)
Start importing Assets/Sprites/Tiles/uni/fortress_office_7.asset using Guid(8c1c8b80066090b49b34b0a624f0621f) Importer(815301076,1909f56bfc062723c751e8b465ee728b)  -> (artifact id: 'c0d42eb270308c12404c6effb9649758') in 0.042468 seconds
  Import took 0.047953 seconds .

========================================================================
Received Import Request.
  Time since last request: 8.729109 seconds.
  path: Assets/Sprites/Tiles/uni/uni.png
  artifactKey: Guid(681df625088c6bc42abebd98f43e4e9f) Importer(815301076,1909f56bfc062723c751e8b465ee728b)
Start importing Assets/Sprites/Tiles/uni/uni.png using Guid(681df625088c6bc42abebd98f43e4e9f) Importer(815301076,1909f56bfc062723c751e8b465ee728b)  -> (artifact id: '5c34a40810248d853a6cec7815273a99') in 3.569583 seconds
  Import took 3.576245 seconds .

========================================================================
Received Import Request.
  Time since last request: 54.415506 seconds.
  path: Assets/Sprites/Tiles/uni/uni.png
  artifactKey: Guid(681df625088c6bc42abebd98f43e4e9f) Importer(815301076,1909f56bfc062723c751e8b465ee728b)
Start importing Assets/Sprites/Tiles/uni/uni.png using Guid(681df625088c6bc42abebd98f43e4e9f) Importer(815301076,1909f56bfc062723c751e8b465ee728b)  -> (artifact id: '710d1fd3022d39e44bad61860993784b') in 0.227520 seconds
  Import took 0.233188 seconds .

========================================================================
Received Import Request.
  Time since last request: 8.234367 seconds.
  path: Assets/Sprites/Tiles/uni/uni_5.asset
  artifactKey: Guid(d232d5320bf3c5c45856dbc286aecf4a) Importer(815301076,1909f56bfc062723c751e8b465ee728b)
Start importing Assets/Sprites/Tiles/uni/uni_5.asset using Guid(d232d5320bf3c5c45856dbc286aecf4a) Importer(815301076,1909f56bfc062723c751e8b465ee728b)  -> (artifact id: 'dc7a1d1e3bd4402fc36c3e766168eceb') in 0.049623 seconds
  Import took 0.056911 seconds .

========================================================================
Received Prepare
Shader 'Universal Render Pipeline/Particles/Lit': fallback shader 'Universal Render Pipeline/Particles/SimpleLit' not found
Refreshing native plugins compatible for Editor in 1471.86 ms, found 0 plugins.
Preloading 0 native plugins for Editor in 0.00 ms.
Unloading 27 Unused Serialized files (Serialized files now loaded: 0)
System memory in use before: 93.9 MB.
System memory in use after: 94.2 MB.

Unloading 27 unused Assets to reduce memory usage. Loaded Objects now: 3415.
Total: 5621.265100 ms (FindLiveObjects: 42.320400 ms CreateObjectMapping: 0.411800 ms MarkObjects: 5578.495800 ms  DeleteObjects: 0.034300 ms)

