Using pre-set license
Built from '2020.2/staging' branch; Version is '2020.2.3f1 (8ff31bc5bf5b) revision 9433883'; Using compiler version '192528614'; Build Type 'Release'
OS: 'Windows 10 Home; OS build 19042.1237; Version 2009; 64bit' Language: 'en' Physical Memory: 8106 MB
BatchMode: 1, IsHumanControllingUs: 0, StartBugReporterOnCrash: 0, Is64bit: 1, IsPro: 0

 COMMAND LINE ARGUMENTS:
C:\Program Files\Unity\Hub\Editor\2020.2.3f1\Editor\Unity.exe
-adb2
-batchMode
-noUpm
-name
AssetImportWorker4
-projectPath
C:/Users/hamza/Own Games/Unity/InDevelopment/Moral spirit
-logFile
Logs/AssetImportWorker4.log
-srvPort
61901
Successfully changed project path to: C:/Users/hamza/Own Games/Unity/InDevelopment/Moral spirit
C:/Users/hamza/Own Games/Unity/InDevelopment/Moral spirit
Using Asset Import Pipeline V2.
Refreshing native plugins compatible for Editor in 83.29 ms, found 0 plugins.
Preloading 0 native plugins for Editor in 0.00 ms.
Initialize engine version: 2020.2.3f1 (8ff31bc5bf5b)
[Subsystems] Discovering subsystems at path C:/Program Files/Unity/Hub/Editor/2020.2.3f1/Editor/Data/Resources/UnitySubsystems
[Subsystems] Discovering subsystems at path C:/Users/hamza/Own Games/Unity/InDevelopment/Moral spirit/Assets
GfxDevice: creating device client; threaded=0
Direct3D:
    Version:  Direct3D 11.0 [level 11.0]
    Renderer: NVIDIA GeForce GTX 750 Ti (ID=0x1380)
    Vendor:   
    VRAM:     2007 MB
    Driver:   30.0.14.7141
Shader 'Universal Render Pipeline/Particles/Lit': fallback shader 'Universal Render Pipeline/Particles/SimpleLit' not found
Initialize mono
Mono path[0] = 'C:/Program Files/Unity/Hub/Editor/2020.2.3f1/Editor/Data/Managed'
Mono path[1] = 'C:/Program Files/Unity/Hub/Editor/2020.2.3f1/Editor/Data/MonoBleedingEdge/lib/mono/unityjit'
Mono config path = 'C:/Program Files/Unity/Hub/Editor/2020.2.3f1/Editor/Data/MonoBleedingEdge/etc'
Using monoOptions --debugger-agent=transport=dt_socket,embedding=1,server=y,suspend=n,address=127.0.0.1:56648
Begin MonoManager ReloadAssembly
Registering precompiled unity dll's ...
Register platform support module: C:/Program Files/Unity/Hub/Editor/2020.2.3f1/Editor/Data/PlaybackEngines/MacStandaloneSupport/UnityEditor.OSXStandalone.Extensions.dll
Register platform support module: C:/Program Files/Unity/Hub/Editor/2020.2.3f1/Editor/Data/PlaybackEngines/WindowsStandaloneSupport/UnityEditor.WindowsStandalone.Extensions.dll
Registered in 0.002563 seconds.
Native extension for WindowsStandalone target not found
Native extension for OSXStandalone target not found
Refreshing native plugins compatible for Editor in 75.79 ms, found 0 plugins.
Preloading 0 native plugins for Editor in 0.00 ms.
Invoked RoslynAnalysisRunner static constructor.
RoslynAnalysisRunner will not be running.
RoslynAnalysisRunner has terminated.
Mono: successfully reloaded assembly
- Completed reload, in  1.319 seconds
Platform modules already initialized, skipping
Registering precompiled user dll's ...
Registered in 0.004956 seconds.
Begin MonoManager ReloadAssembly
Native extension for WindowsStandalone target not found
Native extension for OSXStandalone target not found
Refreshing native plugins compatible for Editor in 81.75 ms, found 0 plugins.
Preloading 0 native plugins for Editor in 0.00 ms.
Invoked RoslynAnalysisRunner static constructor.
RoslynAnalysisRunner will not be running.
RoslynAnalysisRunner has terminated.
Mono: successfully reloaded assembly
- Completed reload, in  1.215 seconds
Platform modules already initialized, skipping
========================================================================
Worker process is ready to serve import requests
Shader 'Universal Render Pipeline/Particles/Lit': fallback shader 'Universal Render Pipeline/Particles/SimpleLit' not found
Launched and connected shader compiler UnityShaderCompiler.exe after 0.80 seconds
Refreshing native plugins compatible for Editor in 0.86 ms, found 0 plugins.
Preloading 0 native plugins for Editor in 0.00 ms.
Unloading 2940 Unused Serialized files (Serialized files now loaded: 0)
System memory in use before: 152.6 MB.
System memory in use after: 152.8 MB.

Unloading 37 unused Assets to reduce memory usage. Loaded Objects now: 3390.
Total: 4.627400 ms (FindLiveObjects: 0.612900 ms CreateObjectMapping: 0.299100 ms MarkObjects: 3.636600 ms  DeleteObjects: 0.076400 ms)

========================================================================
Received Import Request.
  path: Assets/Data/Characters/Enemies/Hills/Gang Boy.asset
  artifactKey: Guid(4909cf921c51bf74d986fdde0275cb18) Importer(815301076,1909f56bfc062723c751e8b465ee728b)
Start importing Assets/Data/Characters/Enemies/Hills/Gang Boy.asset using Guid(4909cf921c51bf74d986fdde0275cb18) Importer(815301076,1909f56bfc062723c751e8b465ee728b)  -> (artifact id: '9f74b20dc517e5ed04961a659d721ca2') in 0.390978 seconds
  Import took 0.418397 seconds .

========================================================================
Received Import Request.
  Time since last request: 14.164701 seconds.
  path: Assets/Data/Characters/Enemies/Hills/Gang Boy.asset
  artifactKey: Guid(4909cf921c51bf74d986fdde0275cb18) Importer(815301076,1909f56bfc062723c751e8b465ee728b)
Start importing Assets/Data/Characters/Enemies/Hills/Gang Boy.asset using Guid(4909cf921c51bf74d986fdde0275cb18) Importer(815301076,1909f56bfc062723c751e8b465ee728b)  -> (artifact id: '527021549acf76a933022e3019fb6239') in 0.007926 seconds
  Import took 0.040368 seconds .

========================================================================
Received Import Request.
  Time since last request: 84.546741 seconds.
  path: Assets/Data/Characters/Enemies/Hills/Gang Boy.asset
  artifactKey: Guid(4909cf921c51bf74d986fdde0275cb18) Importer(815301076,1909f56bfc062723c751e8b465ee728b)
Start importing Assets/Data/Characters/Enemies/Hills/Gang Boy.asset using Guid(4909cf921c51bf74d986fdde0275cb18) Importer(815301076,1909f56bfc062723c751e8b465ee728b)  -> (artifact id: '7675459d57a115b177fb34b3d2fcf67f') in 0.008606 seconds
  Import took 0.038583 seconds .

========================================================================
Received Import Request.
  Time since last request: 5.340007 seconds.
  path: Assets/Data/Characters/Enemies/Hills/Gang Boy.asset
  artifactKey: Guid(4909cf921c51bf74d986fdde0275cb18) Importer(815301076,1909f56bfc062723c751e8b465ee728b)
Start importing Assets/Data/Characters/Enemies/Hills/Gang Boy.asset using Guid(4909cf921c51bf74d986fdde0275cb18) Importer(815301076,1909f56bfc062723c751e8b465ee728b)  -> (artifact id: 'ef55e8a18e50117a47ffa76387f4abfa') in 0.008912 seconds
  Import took 0.023918 seconds .

========================================================================
Received Import Request.
  Time since last request: 34.206283 seconds.
  path: Assets/Data/Characters/Enemies/Hills/Gang Boy.asset
  artifactKey: Guid(4909cf921c51bf74d986fdde0275cb18) Importer(815301076,1909f56bfc062723c751e8b465ee728b)
Start importing Assets/Data/Characters/Enemies/Hills/Gang Boy.asset using Guid(4909cf921c51bf74d986fdde0275cb18) Importer(815301076,1909f56bfc062723c751e8b465ee728b)  -> (artifact id: '0afc7d4d831257102e861a3eabaff139') in 0.006804 seconds
  Import took 0.026254 seconds .

========================================================================
Received Import Request.
  Time since last request: 14.261798 seconds.
  path: Assets/Data/Characters/Enemies/Hills/Gang Boy.asset
  artifactKey: Guid(4909cf921c51bf74d986fdde0275cb18) Importer(815301076,1909f56bfc062723c751e8b465ee728b)
Start importing Assets/Data/Characters/Enemies/Hills/Gang Boy.asset using Guid(4909cf921c51bf74d986fdde0275cb18) Importer(815301076,1909f56bfc062723c751e8b465ee728b)  -> (artifact id: '465782d6d0dc23a266c5ed9ef6b10b3d') in 0.007315 seconds
  Import took 0.026372 seconds .

========================================================================
Received Import Request.
  Time since last request: 118.227718 seconds.
  path: Assets/Data/Characters/Enemies/Hills/Gang Boy.asset
  artifactKey: Guid(4909cf921c51bf74d986fdde0275cb18) Importer(815301076,1909f56bfc062723c751e8b465ee728b)
Start importing Assets/Data/Characters/Enemies/Hills/Gang Boy.asset using Guid(4909cf921c51bf74d986fdde0275cb18) Importer(815301076,1909f56bfc062723c751e8b465ee728b)  -> (artifact id: 'd4e5b108027c2caa1ff2b4c813b54b0c') in 0.006902 seconds
  Import took 0.029727 seconds .

========================================================================
Received Import Request.
  Time since last request: 14.923484 seconds.
  path: Assets/Data/Characters/Enemies/Hills/Gang Boy.asset
  artifactKey: Guid(4909cf921c51bf74d986fdde0275cb18) Importer(815301076,1909f56bfc062723c751e8b465ee728b)
Start importing Assets/Data/Characters/Enemies/Hills/Gang Boy.asset using Guid(4909cf921c51bf74d986fdde0275cb18) Importer(815301076,1909f56bfc062723c751e8b465ee728b)  -> (artifact id: 'e466184b6fe5de6a54b2cb5129b1ab40') in 0.048151 seconds
  Import took 0.071763 seconds .

========================================================================
Received Import Request.
  Time since last request: 8.192194 seconds.
  path: Assets/Data/Characters/Enemies/Hills/Gang Boy.asset
  artifactKey: Guid(4909cf921c51bf74d986fdde0275cb18) Importer(815301076,1909f56bfc062723c751e8b465ee728b)
Start importing Assets/Data/Characters/Enemies/Hills/Gang Boy.asset using Guid(4909cf921c51bf74d986fdde0275cb18) Importer(815301076,1909f56bfc062723c751e8b465ee728b)  -> (artifact id: '0eb27e9dd550275a90547ba471e4a715') in 0.020563 seconds
  Import took 0.048299 seconds .

========================================================================
Received Import Request.
  Time since last request: 20.347980 seconds.
  path: Assets/Data/Characters/Enemies/Hills/Gang Boy.asset
  artifactKey: Guid(4909cf921c51bf74d986fdde0275cb18) Importer(815301076,1909f56bfc062723c751e8b465ee728b)
Start importing Assets/Data/Characters/Enemies/Hills/Gang Boy.asset using Guid(4909cf921c51bf74d986fdde0275cb18) Importer(815301076,1909f56bfc062723c751e8b465ee728b)  -> (artifact id: '8fcfb8af07e3bca7feefa653ff68c619') in 0.031450 seconds
  Import took 0.061449 seconds .

========================================================================
Received Import Request.
  Time since last request: 13.189571 seconds.
  path: Assets/Data/Characters/Enemies/Hills/Gang Boy.asset
  artifactKey: Guid(4909cf921c51bf74d986fdde0275cb18) Importer(815301076,1909f56bfc062723c751e8b465ee728b)
Start importing Assets/Data/Characters/Enemies/Hills/Gang Boy.asset using Guid(4909cf921c51bf74d986fdde0275cb18) Importer(815301076,1909f56bfc062723c751e8b465ee728b)  -> (artifact id: 'e61afa73bb0545f42b16f7d4f80b20a6') in 0.084274 seconds
  Import took 0.110968 seconds .

========================================================================
Received Import Request.
  Time since last request: 6.241937 seconds.
  path: Assets/Data/Characters/Enemies/Hills/Gang Boy.asset
  artifactKey: Guid(4909cf921c51bf74d986fdde0275cb18) Importer(815301076,1909f56bfc062723c751e8b465ee728b)
Start importing Assets/Data/Characters/Enemies/Hills/Gang Boy.asset using Guid(4909cf921c51bf74d986fdde0275cb18) Importer(815301076,1909f56bfc062723c751e8b465ee728b)  -> (artifact id: '862129174fbe35e6f24f35311821cb84') in 0.025710 seconds
  Import took 0.050446 seconds .

========================================================================
Received Import Request.
  Time since last request: 0.083269 seconds.
  path: Assets/Data/Characters/Enemies/Hills/Gang Boy.asset
  artifactKey: Guid(4909cf921c51bf74d986fdde0275cb18) Importer(815301076,1909f56bfc062723c751e8b465ee728b)
Start importing Assets/Data/Characters/Enemies/Hills/Gang Boy.asset using Guid(4909cf921c51bf74d986fdde0275cb18) Importer(815301076,1909f56bfc062723c751e8b465ee728b)  -> (artifact id: '862129174fbe35e6f24f35311821cb84') in 0.007733 seconds
  Import took 0.013746 seconds .

========================================================================
Received Import Request.
  Time since last request: 12.484204 seconds.
  path: Assets/Data/Characters/Enemies/Hills/Gang Boy.asset
  artifactKey: Guid(4909cf921c51bf74d986fdde0275cb18) Importer(815301076,1909f56bfc062723c751e8b465ee728b)
Start importing Assets/Data/Characters/Enemies/Hills/Gang Boy.asset using Guid(4909cf921c51bf74d986fdde0275cb18) Importer(815301076,1909f56bfc062723c751e8b465ee728b)  -> (artifact id: '7133d621af356a647a6da58006f1a4cb') in 0.027883 seconds
  Import took 0.049411 seconds .

========================================================================
Received Import Request.
  Time since last request: 95.609702 seconds.
  path: Assets/Data/Characters/Enemies/Hills/Gang Girl.asset
  artifactKey: Guid(3668f809916c2754e831d723adbef2eb) Importer(815301076,1909f56bfc062723c751e8b465ee728b)
Start importing Assets/Data/Characters/Enemies/Hills/Gang Girl.asset using Guid(3668f809916c2754e831d723adbef2eb) Importer(815301076,1909f56bfc062723c751e8b465ee728b)  -> (artifact id: '21d5a5cfc972a09aebbb738e5c6ce87a') in 0.130289 seconds
  Import took 0.151284 seconds .

========================================================================
Received Import Request.
  Time since last request: 405.248036 seconds.
  path: Assets/Data/Characters/Enemies/Final Bosses/Micheal.asset
  artifactKey: Guid(25eb17ca41ef7cd419480a0c0d6aa8a6) Importer(815301076,1909f56bfc062723c751e8b465ee728b)
Start importing Assets/Data/Characters/Enemies/Final Bosses/Micheal.asset using Guid(25eb17ca41ef7cd419480a0c0d6aa8a6) Importer(815301076,1909f56bfc062723c751e8b465ee728b)  -> (artifact id: '48550b6ef13d2d4fb3812eef6c8c5d82') in 0.213795 seconds
  Import took 0.236368 seconds .

========================================================================
Received Import Request.
  Time since last request: 183.259199 seconds.
  path: Assets/Data/Characters/Enemies/Final Bosses/Micheal.asset
  artifactKey: Guid(25eb17ca41ef7cd419480a0c0d6aa8a6) Importer(815301076,1909f56bfc062723c751e8b465ee728b)
Start importing Assets/Data/Characters/Enemies/Final Bosses/Micheal.asset using Guid(25eb17ca41ef7cd419480a0c0d6aa8a6) Importer(815301076,1909f56bfc062723c751e8b465ee728b)  -> (artifact id: '03ba1371c98484f7b2e5a4ce0614b31e') in 0.008712 seconds
  Import took 0.040104 seconds .

========================================================================
Received Prepare
Shader 'Universal Render Pipeline/Particles/Lit': fallback shader 'Universal Render Pipeline/Particles/SimpleLit' not found
Refreshing native plugins compatible for Editor in 7.28 ms, found 0 plugins.
Preloading 0 native plugins for Editor in 0.00 ms.
Unloading 27 Unused Serialized files (Serialized files now loaded: 0)
System memory in use before: 90.1 MB.
System memory in use after: 90.4 MB.

Unloading 27 unused Assets to reduce memory usage. Loaded Objects now: 3390.
Total: 3.482800 ms (FindLiveObjects: 0.295500 ms CreateObjectMapping: 0.116400 ms MarkObjects: 3.040200 ms  DeleteObjects: 0.029400 ms)

========================================================================
Received Prepare
Registering precompiled user dll's ...
Registered in 0.005261 seconds.
Begin MonoManager ReloadAssembly
Native extension for WindowsStandalone target not found
Native extension for OSXStandalone target not found
Refreshing native plugins compatible for Editor in 0.77 ms, found 0 plugins.
Preloading 0 native plugins for Editor in 0.00 ms.
Invoked RoslynAnalysisRunner static constructor.
RoslynAnalysisRunner will not be running.
RoslynAnalysisRunner has terminated.
Mono: successfully reloaded assembly
- Completed reload, in  1.164 seconds
Platform modules already initialized, skipping
Shader 'Universal Render Pipeline/Particles/Lit': fallback shader 'Universal Render Pipeline/Particles/SimpleLit' not found
Refreshing native plugins compatible for Editor in 0.94 ms, found 0 plugins.
Preloading 0 native plugins for Editor in 0.00 ms.
Unloading 2809 Unused Serialized files (Serialized files now loaded: 0)
System memory in use before: 145.0 MB.
System memory in use after: 145.2 MB.

Unloading 29 unused Assets to reduce memory usage. Loaded Objects now: 3392.
Total: 4.319500 ms (FindLiveObjects: 0.467900 ms CreateObjectMapping: 0.336500 ms MarkObjects: 3.478000 ms  DeleteObjects: 0.035300 ms)

========================================================================
Received Prepare
Registering precompiled user dll's ...
Registered in 0.012832 seconds.
Begin MonoManager ReloadAssembly
Native extension for WindowsStandalone target not found
Native extension for OSXStandalone target not found
Refreshing native plugins compatible for Editor in 1.44 ms, found 0 plugins.
Preloading 0 native plugins for Editor in 0.00 ms.
Invoked RoslynAnalysisRunner static constructor.
RoslynAnalysisRunner will not be running.
RoslynAnalysisRunner has terminated.
Mono: successfully reloaded assembly
- Completed reload, in  1.786 seconds
Platform modules already initialized, skipping
Shader 'Universal Render Pipeline/Particles/Lit': fallback shader 'Universal Render Pipeline/Particles/SimpleLit' not found
Refreshing native plugins compatible for Editor in 2.68 ms, found 0 plugins.
Preloading 0 native plugins for Editor in 0.00 ms.
Unloading 2809 Unused Serialized files (Serialized files now loaded: 0)
System memory in use before: 145.0 MB.
System memory in use after: 145.3 MB.

Unloading 29 unused Assets to reduce memory usage. Loaded Objects now: 3394.
Total: 5.240300 ms (FindLiveObjects: 0.816500 ms CreateObjectMapping: 0.424100 ms MarkObjects: 3.958200 ms  DeleteObjects: 0.038900 ms)

========================================================================
Received Import Request.
  Time since last request: 1114.836386 seconds.
  path: Assets/Data/Characters/Players/Evan.asset
  artifactKey: Guid(d483d8997c75e42448c2897f0039b022) Importer(815301076,1909f56bfc062723c751e8b465ee728b)
Start importing Assets/Data/Characters/Players/Evan.asset using Guid(d483d8997c75e42448c2897f0039b022) Importer(815301076,1909f56bfc062723c751e8b465ee728b)  -> (artifact id: '917065aa893bcee3cf985a7dbbeb66f2') in 0.150615 seconds
  Import took 0.184252 seconds .

========================================================================
Received Import Request.
  Time since last request: 1.199185 seconds.
  path: Assets/Data/Characters/Players/Evan.asset
  artifactKey: Guid(d483d8997c75e42448c2897f0039b022) Importer(815301076,1909f56bfc062723c751e8b465ee728b)
Start importing Assets/Data/Characters/Players/Evan.asset using Guid(d483d8997c75e42448c2897f0039b022) Importer(815301076,1909f56bfc062723c751e8b465ee728b)  -> (artifact id: 'b97e68911a4ad858f801b7a5f374f058') in 0.012149 seconds
  Import took 0.050874 seconds .

========================================================================
Received Import Request.
  Time since last request: 40.408515 seconds.
  path: Assets/Data/Characters/Players/Sebastian.asset
  artifactKey: Guid(725fc24de7953a94382752c5fe52597b) Importer(815301076,1909f56bfc062723c751e8b465ee728b)
Start importing Assets/Data/Characters/Players/Sebastian.asset using Guid(725fc24de7953a94382752c5fe52597b) Importer(815301076,1909f56bfc062723c751e8b465ee728b)  -> (artifact id: 'aaf0e567b71b01285211f182705c9849') in 0.153604 seconds
  Import took 0.181768 seconds .

========================================================================
Received Import Request.
  Time since last request: 0.000240 seconds.
  path: Assets/Data/Characters/Players/Evan.asset
  artifactKey: Guid(d483d8997c75e42448c2897f0039b022) Importer(815301076,1909f56bfc062723c751e8b465ee728b)
Start importing Assets/Data/Characters/Players/Evan.asset using Guid(d483d8997c75e42448c2897f0039b022) Importer(815301076,1909f56bfc062723c751e8b465ee728b)  -> (artifact id: '5b3f5bc76a8a5e0b7ff8ecca1cabfd45') in 0.014837 seconds
  Import took 0.030953 seconds .

========================================================================
Received Prepare
Registering precompiled user dll's ...
Registered in 0.019054 seconds.
Begin MonoManager ReloadAssembly
Native extension for WindowsStandalone target not found
Native extension for OSXStandalone target not found
Refreshing native plugins compatible for Editor in 1.15 ms, found 0 plugins.
Preloading 0 native plugins for Editor in 0.00 ms.
Invoked RoslynAnalysisRunner static constructor.
RoslynAnalysisRunner will not be running.
RoslynAnalysisRunner has terminated.
Mono: successfully reloaded assembly
- Completed reload, in  1.834 seconds
Platform modules already initialized, skipping
Shader 'Universal Render Pipeline/Particles/Lit': fallback shader 'Universal Render Pipeline/Particles/SimpleLit' not found
Refreshing native plugins compatible for Editor in 1.19 ms, found 0 plugins.
Preloading 0 native plugins for Editor in 0.00 ms.
Unloading 2809 Unused Serialized files (Serialized files now loaded: 0)
System memory in use before: 145.1 MB.
System memory in use after: 145.3 MB.

Unloading 29 unused Assets to reduce memory usage. Loaded Objects now: 3396.
Total: 5.379200 ms (FindLiveObjects: 0.874200 ms CreateObjectMapping: 0.513300 ms MarkObjects: 3.949600 ms  DeleteObjects: 0.038900 ms)

========================================================================
Received Import Request.
  Time since last request: 8141.913068 seconds.
  path: Assets/Data/Characters/Players/Ralph.asset
  artifactKey: Guid(835b704e94697624eb36c969ca94dc59) Importer(815301076,1909f56bfc062723c751e8b465ee728b)
Start importing Assets/Data/Characters/Players/Ralph.asset using Guid(835b704e94697624eb36c969ca94dc59) Importer(815301076,1909f56bfc062723c751e8b465ee728b)  -> (artifact id: 'adf7f2d88af4f02d3dfb05cdb204ea40') in 0.536041 seconds
  Import took 0.590830 seconds .

========================================================================
Received Import Request.
  Time since last request: 613.535679 seconds.
  path: Assets/Prefab/Overworld/waypoint.prefab
  artifactKey: Guid(1245b29144aa91344a4c0e16840453d3) Importer(815301076,1909f56bfc062723c751e8b465ee728b)
Start importing Assets/Prefab/Overworld/waypoint.prefab using Guid(1245b29144aa91344a4c0e16840453d3) Importer(815301076,1909f56bfc062723c751e8b465ee728b)  -> (artifact id: '98de2feb416a3c102bbda887848a810b') in 0.588431 seconds
  Import took 0.651976 seconds .

========================================================================
Received Prepare
Shader 'Universal Render Pipeline/Particles/Lit': fallback shader 'Universal Render Pipeline/Particles/SimpleLit' not found
Refreshing native plugins compatible for Editor in 7.35 ms, found 0 plugins.
Preloading 0 native plugins for Editor in 0.00 ms.
Unloading 27 Unused Serialized files (Serialized files now loaded: 0)
System memory in use before: 95.1 MB.
System memory in use after: 95.3 MB.

Unloading 27 unused Assets to reduce memory usage. Loaded Objects now: 3468.
Total: 4.248500 ms (FindLiveObjects: 0.391000 ms CreateObjectMapping: 0.267100 ms MarkObjects: 3.546500 ms  DeleteObjects: 0.042400 ms)

========================================================================
Received Import Request.
  Time since last request: 1064.344363 seconds.
  path: Assets/Prefab/Baddie.prefab
  artifactKey: Guid(81745f4fa5c98c34da9757c982d2bb4c) Importer(815301076,1909f56bfc062723c751e8b465ee728b)
Start importing Assets/Prefab/Baddie.prefab using Guid(81745f4fa5c98c34da9757c982d2bb4c) Importer(815301076,1909f56bfc062723c751e8b465ee728b)  -> (artifact id: '3c707103281f138aae158230027ac591') in 0.211119 seconds
  Import took 0.257366 seconds .

========================================================================
Received Import Request.
  Time since last request: 0.000308 seconds.
  path: Assets/Prefab/MC.prefab
  artifactKey: Guid(08b3dc2f88cf46d41a1e8e3043412bea) Importer(815301076,1909f56bfc062723c751e8b465ee728b)
Start importing Assets/Prefab/MC.prefab using Guid(08b3dc2f88cf46d41a1e8e3043412bea) Importer(815301076,1909f56bfc062723c751e8b465ee728b)  -> (artifact id: '7ec5e8f9f973d9434ff7aa7f49a6ad7c') in 0.040375 seconds
  Import took 0.066482 seconds .

========================================================================
Received Import Request.
  Time since last request: 0.017375 seconds.
  path: Assets/Prefab/MC.prefab
  artifactKey: Guid(08b3dc2f88cf46d41a1e8e3043412bea) Importer(815301076,1909f56bfc062723c751e8b465ee728b)
Start importing Assets/Prefab/MC.prefab using Guid(08b3dc2f88cf46d41a1e8e3043412bea) Importer(815301076,1909f56bfc062723c751e8b465ee728b)  -> (artifact id: '7ec5e8f9f973d9434ff7aa7f49a6ad7c') in 0.008289 seconds
  Import took 0.016303 seconds .

========================================================================
Received Import Request.
  Time since last request: 4061.208096 seconds.
  path: Assets/Data/Moves/Status/Console.asset
  artifactKey: Guid(f6cfa87d7041a174ea588caf2e9232b2) Importer(815301076,1909f56bfc062723c751e8b465ee728b)
Start importing Assets/Data/Moves/Status/Console.asset using Guid(f6cfa87d7041a174ea588caf2e9232b2) Importer(815301076,1909f56bfc062723c751e8b465ee728b)  -> (artifact id: '2f8b3b35efd7a1640fa794d06b7e1dbe') in 0.319601 seconds
  Import took 0.450605 seconds .

========================================================================
Received Prepare
Registering precompiled user dll's ...
Registered in 0.035804 seconds.
Begin MonoManager ReloadAssembly
Native extension for WindowsStandalone target not found
Native extension for OSXStandalone target not found
Refreshing native plugins compatible for Editor in 0.77 ms, found 0 plugins.
Preloading 0 native plugins for Editor in 0.00 ms.
Invoked RoslynAnalysisRunner static constructor.
RoslynAnalysisRunner will not be running.
RoslynAnalysisRunner has terminated.
Mono: successfully reloaded assembly
- Completed reload, in  4.755 seconds
Platform modules already initialized, skipping
Shader 'Universal Render Pipeline/Particles/Lit': fallback shader 'Universal Render Pipeline/Particles/SimpleLit' not found
Refreshing native plugins compatible for Editor in 0.76 ms, found 0 plugins.
Preloading 0 native plugins for Editor in 0.00 ms.
Unloading 2809 Unused Serialized files (Serialized files now loaded: 0)
System memory in use before: 150.3 MB.
System memory in use after: 150.6 MB.

Unloading 29 unused Assets to reduce memory usage. Loaded Objects now: 3445.
Total: 3.148200 ms (FindLiveObjects: 0.335700 ms CreateObjectMapping: 0.151400 ms MarkObjects: 2.596900 ms  DeleteObjects: 0.063200 ms)

========================================================================
Received Prepare
Shader 'Universal Render Pipeline/Particles/Lit': fallback shader 'Universal Render Pipeline/Particles/SimpleLit' not found
Refreshing native plugins compatible for Editor in 462.82 ms, found 0 plugins.
Preloading 0 native plugins for Editor in 0.00 ms.
Unloading 27 Unused Serialized files (Serialized files now loaded: 0)
System memory in use before: 95.5 MB.
System memory in use after: 95.7 MB.

Unloading 27 unused Assets to reduce memory usage. Loaded Objects now: 3445.
Total: 2.845400 ms (FindLiveObjects: 0.370500 ms CreateObjectMapping: 0.172300 ms MarkObjects: 2.251100 ms  DeleteObjects: 0.050300 ms)

========================================================================
Received Prepare
Shader 'Universal Render Pipeline/Particles/Lit': fallback shader 'Universal Render Pipeline/Particles/SimpleLit' not found
Refreshing native plugins compatible for Editor in 35.18 ms, found 0 plugins.
Preloading 0 native plugins for Editor in 0.00 ms.
Unloading 27 Unused Serialized files (Serialized files now loaded: 0)
System memory in use before: 95.5 MB.
System memory in use after: 95.7 MB.

Unloading 27 unused Assets to reduce memory usage. Loaded Objects now: 3445.
Total: 3.360200 ms (FindLiveObjects: 0.393400 ms CreateObjectMapping: 0.124100 ms MarkObjects: 2.800400 ms  DeleteObjects: 0.040800 ms)

AssetImportWorkerClient::OnTransportError - code=2 error=End of file
