Using pre-set license
Built from '2020.2/staging' branch; Version is '2020.2.3f1 (8ff31bc5bf5b) revision 9433883'; Using compiler version '192528614'; Build Type 'Release'
OS: 'Windows 10 Home; OS build 19042.1237; Version 2009; 64bit' Language: 'en' Physical Memory: 8106 MB
BatchMode: 1, IsHumanControllingUs: 0, StartBugReporterOnCrash: 0, Is64bit: 1, IsPro: 0

 COMMAND LINE ARGUMENTS:
C:\Program Files\Unity\Hub\Editor\2020.2.3f1\Editor\Unity.exe
-adb2
-batchMode
-noUpm
-name
AssetImportWorker1
-projectPath
C:/Users/hamza/Own Games/Unity/InDevelopment/Moral spirit
-logFile
Logs/AssetImportWorker1.log
-srvPort
55479
Successfully changed project path to: C:/Users/hamza/Own Games/Unity/InDevelopment/Moral spirit
C:/Users/hamza/Own Games/Unity/InDevelopment/Moral spirit
Using Asset Import Pipeline V2.
Refreshing native plugins compatible for Editor in 74.98 ms, found 0 plugins.
Preloading 0 native plugins for Editor in 0.00 ms.
Initialize engine version: 2020.2.3f1 (8ff31bc5bf5b)
[Subsystems] Discovering subsystems at path C:/Program Files/Unity/Hub/Editor/2020.2.3f1/Editor/Data/Resources/UnitySubsystems
[Subsystems] Discovering subsystems at path C:/Users/hamza/Own Games/Unity/InDevelopment/Moral spirit/Assets
GfxDevice: creating device client; threaded=0
Direct3D:
    Version:  Direct3D 11.0 [level 11.0]
    Renderer: NVIDIA GeForce GTX 750 Ti (ID=0x1380)
    Vendor:   
    VRAM:     2007 MB
    Driver:   27.21.14.6140
Shader 'Universal Render Pipeline/Particles/Lit': fallback shader 'Universal Render Pipeline/Particles/SimpleLit' not found
Initialize mono
Mono path[0] = 'C:/Program Files/Unity/Hub/Editor/2020.2.3f1/Editor/Data/Managed'
Mono path[1] = 'C:/Program Files/Unity/Hub/Editor/2020.2.3f1/Editor/Data/MonoBleedingEdge/lib/mono/unityjit'
Mono config path = 'C:/Program Files/Unity/Hub/Editor/2020.2.3f1/Editor/Data/MonoBleedingEdge/etc'
Using monoOptions --debugger-agent=transport=dt_socket,embedding=1,server=y,suspend=n,address=127.0.0.1:56212
Begin MonoManager ReloadAssembly
Registering precompiled unity dll's ...
Register platform support module: C:/Program Files/Unity/Hub/Editor/2020.2.3f1/Editor/Data/PlaybackEngines/MacStandaloneSupport/UnityEditor.OSXStandalone.Extensions.dll
Register platform support module: C:/Program Files/Unity/Hub/Editor/2020.2.3f1/Editor/Data/PlaybackEngines/WindowsStandaloneSupport/UnityEditor.WindowsStandalone.Extensions.dll
Registered in 0.002461 seconds.
Native extension for WindowsStandalone target not found
Native extension for OSXStandalone target not found
Refreshing native plugins compatible for Editor in 68.16 ms, found 0 plugins.
Preloading 0 native plugins for Editor in 0.00 ms.
Invoked RoslynAnalysisRunner static constructor.
RoslynAnalysisRunner will not be running.
RoslynAnalysisRunner has terminated.
Mono: successfully reloaded assembly
- Completed reload, in  1.167 seconds
Platform modules already initialized, skipping
Registering precompiled user dll's ...
Registered in 0.005071 seconds.
Begin MonoManager ReloadAssembly
Native extension for WindowsStandalone target not found
Native extension for OSXStandalone target not found
Refreshing native plugins compatible for Editor in 67.51 ms, found 0 plugins.
Preloading 0 native plugins for Editor in 0.00 ms.
Invoked RoslynAnalysisRunner static constructor.
RoslynAnalysisRunner will not be running.
RoslynAnalysisRunner has terminated.
Mono: successfully reloaded assembly
- Completed reload, in  0.988 seconds
Platform modules already initialized, skipping
========================================================================
Worker process is ready to serve import requests
Shader 'Universal Render Pipeline/Particles/Lit': fallback shader 'Universal Render Pipeline/Particles/SimpleLit' not found
Launched and connected shader compiler UnityShaderCompiler.exe after 2.22 seconds
Refreshing native plugins compatible for Editor in 1.30 ms, found 0 plugins.
Preloading 0 native plugins for Editor in 0.00 ms.
Unloading 2940 Unused Serialized files (Serialized files now loaded: 0)
System memory in use before: 152.6 MB.
System memory in use after: 152.8 MB.

Unloading 37 unused Assets to reduce memory usage. Loaded Objects now: 3390.
Total: 3.313600 ms (FindLiveObjects: 0.336000 ms CreateObjectMapping: 0.120600 ms MarkObjects: 2.818400 ms  DeleteObjects: 0.037400 ms)

========================================================================
Received Import Request.
  path: Assets/Data/Characters/Enemies/Subway/Aggressive girl.asset
  artifactKey: Guid(a5f32c1c148e6a647a8a555a11c5a4a4) Importer(815301076,1909f56bfc062723c751e8b465ee728b)
Start importing Assets/Data/Characters/Enemies/Subway/Aggressive girl.asset using Guid(a5f32c1c148e6a647a8a555a11c5a4a4) Importer(815301076,1909f56bfc062723c751e8b465ee728b)  -> (artifact id: '42618672d1bfd5327a051e1b92b870ab') in 0.311488 seconds
  Import took 0.317457 seconds .

========================================================================
Received Import Request.
  Time since last request: 15.757098 seconds.
  path: Assets/Data/Characters/Enemies/Subway/Aggressive girl.asset
  artifactKey: Guid(a5f32c1c148e6a647a8a555a11c5a4a4) Importer(815301076,1909f56bfc062723c751e8b465ee728b)
Start importing Assets/Data/Characters/Enemies/Subway/Aggressive girl.asset using Guid(a5f32c1c148e6a647a8a555a11c5a4a4) Importer(815301076,1909f56bfc062723c751e8b465ee728b)  -> (artifact id: '7aff27afe3b7d2fcb66619fc22de3fea') in 0.008584 seconds
  Import took 0.015427 seconds .

========================================================================
Received Import Request.
  Time since last request: 0.115994 seconds.
  path: Assets/Data/Characters/Enemies/Subway/Aggressive girl.asset
  artifactKey: Guid(a5f32c1c148e6a647a8a555a11c5a4a4) Importer(815301076,1909f56bfc062723c751e8b465ee728b)
Start importing Assets/Data/Characters/Enemies/Subway/Aggressive girl.asset using Guid(a5f32c1c148e6a647a8a555a11c5a4a4) Importer(815301076,1909f56bfc062723c751e8b465ee728b)  -> (artifact id: '7aff27afe3b7d2fcb66619fc22de3fea') in 0.008001 seconds
  Import took 0.014929 seconds .

========================================================================
Received Import Request.
  Time since last request: 32.902282 seconds.
  path: Assets/Data/Moves/Threaten/Cuss song.asset
  artifactKey: Guid(ed381c84d3ff89b4394bfa150ab2cc5a) Importer(815301076,1909f56bfc062723c751e8b465ee728b)
Start importing Assets/Data/Moves/Threaten/Cuss song.asset using Guid(ed381c84d3ff89b4394bfa150ab2cc5a) Importer(815301076,1909f56bfc062723c751e8b465ee728b)  -> (artifact id: '77e103ff8de50b7fd2cd020e19940966') in 0.009995 seconds
  Import took 0.015904 seconds .

========================================================================
Received Prepare
Registering precompiled user dll's ...
Registered in 0.006830 seconds.
Begin MonoManager ReloadAssembly
Native extension for WindowsStandalone target not found
Native extension for OSXStandalone target not found
Refreshing native plugins compatible for Editor in 0.88 ms, found 0 plugins.
Preloading 0 native plugins for Editor in 0.00 ms.
Invoked RoslynAnalysisRunner static constructor.
RoslynAnalysisRunner will not be running.
RoslynAnalysisRunner has terminated.
Mono: successfully reloaded assembly
- Completed reload, in  1.687 seconds
Platform modules already initialized, skipping
Shader 'Universal Render Pipeline/Particles/Lit': fallback shader 'Universal Render Pipeline/Particles/SimpleLit' not found
Refreshing native plugins compatible for Editor in 0.76 ms, found 0 plugins.
Preloading 0 native plugins for Editor in 0.00 ms.
Unloading 2809 Unused Serialized files (Serialized files now loaded: 0)
System memory in use before: 145.0 MB.
System memory in use after: 145.2 MB.

Unloading 29 unused Assets to reduce memory usage. Loaded Objects now: 3392.
Total: 4.360000 ms (FindLiveObjects: 0.662600 ms CreateObjectMapping: 0.323600 ms MarkObjects: 3.337600 ms  DeleteObjects: 0.034800 ms)

========================================================================
Received Import Request.
  Time since last request: 251.942283 seconds.
  path: Assets/Prefab/Misc/HPGUI.prefab
  artifactKey: Guid(18795dc09680ebf4d84d89fb2e30d9d0) Importer(815301076,1909f56bfc062723c751e8b465ee728b)
Start importing Assets/Prefab/Misc/HPGUI.prefab using Guid(18795dc09680ebf4d84d89fb2e30d9d0) Importer(815301076,1909f56bfc062723c751e8b465ee728b)  -> (artifact id: '9b46a08e9fbc38c48c2ef134c5990a9e') in 0.151563 seconds
  Import took 0.164548 seconds .

========================================================================
Received Import Request.
  Time since last request: 3.118217 seconds.
  path: Assets/Prefab/Misc/Buttons/BattleSkillButton.prefab
  artifactKey: Guid(75d927074fdf9be489753ae0edf48b2c) Importer(815301076,1909f56bfc062723c751e8b465ee728b)
Start importing Assets/Prefab/Misc/Buttons/BattleSkillButton.prefab using Guid(75d927074fdf9be489753ae0edf48b2c) Importer(815301076,1909f56bfc062723c751e8b465ee728b)  -> (artifact id: 'd326ede115488f3972acd94ad0153475') in 0.109020 seconds
  Import took 0.115310 seconds .

========================================================================
Received Import Request.
  Time since last request: 0.000238 seconds.
  path: Assets/Prefab/Misc/Buttons/TargButton.prefab
  artifactKey: Guid(84dfa59ec24406843b04f81059d3075e) Importer(815301076,1909f56bfc062723c751e8b465ee728b)
Start importing Assets/Prefab/Misc/Buttons/TargButton.prefab using Guid(84dfa59ec24406843b04f81059d3075e) Importer(815301076,1909f56bfc062723c751e8b465ee728b)  -> (artifact id: '39b57d5788a086608ba4b77af1044517') in 0.014598 seconds
  Import took 0.020949 seconds .

========================================================================
Received Import Request.
  Time since last request: 0.000288 seconds.
  path: Assets/Prefab/Misc/Buttons/CharacterButtonStatus.prefab
  artifactKey: Guid(def01e64f0804a3449491984cc1e5d4f) Importer(815301076,1909f56bfc062723c751e8b465ee728b)
Start importing Assets/Prefab/Misc/Buttons/CharacterButtonStatus.prefab using Guid(def01e64f0804a3449491984cc1e5d4f) Importer(815301076,1909f56bfc062723c751e8b465ee728b)  -> (artifact id: '0ac99f8f722ea5f77596907fa7f4b4a4') in 0.013223 seconds
  Import took 0.018735 seconds .

========================================================================
Received Import Request.
  Time since last request: 8.953121 seconds.
  path: Assets/MISC/ExpBar1.prefab
  artifactKey: Guid(6368f47a382ef6b498ff839d664aa9b3) Importer(815301076,1909f56bfc062723c751e8b465ee728b)
Start importing Assets/MISC/ExpBar1.prefab using Guid(6368f47a382ef6b498ff839d664aa9b3) Importer(815301076,1909f56bfc062723c751e8b465ee728b)  -> (artifact id: '945498d46fd10c7451c8019737f25394') in 0.012427 seconds
  Import took 0.017924 seconds .

========================================================================
Received Import Request.
  Time since last request: 407.508114 seconds.
  path: Assets/Data/Moves/Status/Support all.asset
  artifactKey: Guid(3dfe3f42a073b8844b1812fdc574d4f6) Importer(815301076,1909f56bfc062723c751e8b465ee728b)
Start importing Assets/Data/Moves/Status/Support all.asset using Guid(3dfe3f42a073b8844b1812fdc574d4f6) Importer(815301076,1909f56bfc062723c751e8b465ee728b)  -> (artifact id: 'aad7c4052daa33a69696c0cccb115415') in 0.037505 seconds
  Import took 0.043896 seconds .

========================================================================
Received Import Request.
  Time since last request: 722.833432 seconds.
  path: Assets/Data/Moves/Status/Flex.asset
  artifactKey: Guid(beb4aa0dbbb75284f84787b6dececefe) Importer(815301076,1909f56bfc062723c751e8b465ee728b)
Start importing Assets/Data/Moves/Status/Flex.asset using Guid(beb4aa0dbbb75284f84787b6dececefe) Importer(815301076,1909f56bfc062723c751e8b465ee728b)  -> (artifact id: '75f1cab243b75caf9bf729a12de95e0f') in 0.009499 seconds
  Import took 0.016954 seconds .

========================================================================
Received Prepare
Registering precompiled user dll's ...
Registered in 0.004910 seconds.
Begin MonoManager ReloadAssembly
Native extension for WindowsStandalone target not found
Native extension for OSXStandalone target not found
Refreshing native plugins compatible for Editor in 0.78 ms, found 0 plugins.
Preloading 0 native plugins for Editor in 0.00 ms.
Invoked RoslynAnalysisRunner static constructor.
RoslynAnalysisRunner will not be running.
RoslynAnalysisRunner has terminated.
Mono: successfully reloaded assembly
- Completed reload, in  0.923 seconds
Platform modules already initialized, skipping
Shader 'Universal Render Pipeline/Particles/Lit': fallback shader 'Universal Render Pipeline/Particles/SimpleLit' not found
Refreshing native plugins compatible for Editor in 0.78 ms, found 0 plugins.
Preloading 0 native plugins for Editor in 0.00 ms.
Unloading 2809 Unused Serialized files (Serialized files now loaded: 0)
System memory in use before: 145.1 MB.
System memory in use after: 145.3 MB.

Unloading 29 unused Assets to reduce memory usage. Loaded Objects now: 3394.
Total: 2.522600 ms (FindLiveObjects: 0.291200 ms CreateObjectMapping: 0.114600 ms MarkObjects: 2.083000 ms  DeleteObjects: 0.032900 ms)

========================================================================
Received Import Request.
  Time since last request: 76.864310 seconds.
  path: Assets/Events/City/ralphInformParkRally.asset
  artifactKey: Guid(6b797d1cf98b463468516fcb502c8949) Importer(815301076,1909f56bfc062723c751e8b465ee728b)
Start importing Assets/Events/City/ralphInformParkRally.asset using Guid(6b797d1cf98b463468516fcb502c8949) Importer(815301076,1909f56bfc062723c751e8b465ee728b)  -> (artifact id: '7d8bd32a7b55f3da1c440eee6e2ff442') in 0.043964 seconds
  Import took 0.049035 seconds .

========================================================================
Received Import Request.
  Time since last request: 10.893401 seconds.
  path: Assets/Events/City/ralphInformParkRally.asset
  artifactKey: Guid(6b797d1cf98b463468516fcb502c8949) Importer(815301076,1909f56bfc062723c751e8b465ee728b)
Start importing Assets/Events/City/ralphInformParkRally.asset using Guid(6b797d1cf98b463468516fcb502c8949) Importer(815301076,1909f56bfc062723c751e8b465ee728b)  -> (artifact id: '77f52f7d240839925baa79fa69da88c4') in 0.037043 seconds
  Import took 0.044114 seconds .

========================================================================
Received Import Request.
  Time since last request: 16.332772 seconds.
  path: Assets/Events/City/ralphInformParkRally.asset
  artifactKey: Guid(6b797d1cf98b463468516fcb502c8949) Importer(815301076,1909f56bfc062723c751e8b465ee728b)
Start importing Assets/Events/City/ralphInformParkRally.asset using Guid(6b797d1cf98b463468516fcb502c8949) Importer(815301076,1909f56bfc062723c751e8b465ee728b)  -> (artifact id: '01e637a1a27441e1d91c9dc5f01fe229') in 0.049920 seconds
  Import took 0.086166 seconds .

========================================================================
Received Prepare
Registering precompiled user dll's ...
Registered in 0.005420 seconds.
Begin MonoManager ReloadAssembly
Native extension for WindowsStandalone target not found
Native extension for OSXStandalone target not found
Refreshing native plugins compatible for Editor in 0.77 ms, found 0 plugins.
Preloading 0 native plugins for Editor in 0.00 ms.
Invoked RoslynAnalysisRunner static constructor.
RoslynAnalysisRunner will not be running.
RoslynAnalysisRunner has terminated.
Mono: successfully reloaded assembly
- Completed reload, in  1.298 seconds
Platform modules already initialized, skipping
Shader 'Universal Render Pipeline/Particles/Lit': fallback shader 'Universal Render Pipeline/Particles/SimpleLit' not found
Refreshing native plugins compatible for Editor in 0.80 ms, found 0 plugins.
Preloading 0 native plugins for Editor in 0.00 ms.
Unloading 2809 Unused Serialized files (Serialized files now loaded: 0)
System memory in use before: 145.1 MB.
System memory in use after: 145.3 MB.

Unloading 29 unused Assets to reduce memory usage. Loaded Objects now: 3396.
Total: 2.752000 ms (FindLiveObjects: 0.424600 ms CreateObjectMapping: 0.280100 ms MarkObjects: 2.011400 ms  DeleteObjects: 0.034300 ms)

========================================================================
Received Import Request.
  Time since last request: 308.551616 seconds.
  path: Assets/Events/hills/meet_chloe.asset
  artifactKey: Guid(ef3190b3edfe74b4bbe9231ad4c83ad5) Importer(815301076,1909f56bfc062723c751e8b465ee728b)
Start importing Assets/Events/hills/meet_chloe.asset using Guid(ef3190b3edfe74b4bbe9231ad4c83ad5) Importer(815301076,1909f56bfc062723c751e8b465ee728b)  -> (artifact id: '63da79cebb4574b79911aabaa6ca1b7f') in 0.134409 seconds
  Import took 0.140027 seconds .

========================================================================
Received Import Request.
  Time since last request: 5.882798 seconds.
  path: Assets/Events/hills/meet_chloe.asset
  artifactKey: Guid(ef3190b3edfe74b4bbe9231ad4c83ad5) Importer(815301076,1909f56bfc062723c751e8b465ee728b)
Start importing Assets/Events/hills/meet_chloe.asset using Guid(ef3190b3edfe74b4bbe9231ad4c83ad5) Importer(815301076,1909f56bfc062723c751e8b465ee728b)  -> (artifact id: '9c3438157ab07e7ef3dc5c27c6bc7563') in 0.013957 seconds
  Import took 0.042595 seconds .

========================================================================
Received Import Request.
  Time since last request: 6.123385 seconds.
  path: Assets/Events/hills/meet_chloe.asset
  artifactKey: Guid(ef3190b3edfe74b4bbe9231ad4c83ad5) Importer(815301076,1909f56bfc062723c751e8b465ee728b)
Start importing Assets/Events/hills/meet_chloe.asset using Guid(ef3190b3edfe74b4bbe9231ad4c83ad5) Importer(815301076,1909f56bfc062723c751e8b465ee728b)  -> (artifact id: '8ccbc42467f1694ad3e369ae9b6c3c1b') in 0.046749 seconds
  Import took 0.058439 seconds .

========================================================================
Received Import Request.
  Time since last request: 5.992195 seconds.
  path: Assets/Events/hills/meet_chloe.asset
  artifactKey: Guid(ef3190b3edfe74b4bbe9231ad4c83ad5) Importer(815301076,1909f56bfc062723c751e8b465ee728b)
Start importing Assets/Events/hills/meet_chloe.asset using Guid(ef3190b3edfe74b4bbe9231ad4c83ad5) Importer(815301076,1909f56bfc062723c751e8b465ee728b)  -> (artifact id: '8b5211e2c9d48a1b7dc11ca18adb45b1') in 0.011451 seconds
  Import took 0.018846 seconds .

========================================================================
Received Import Request.
  Time since last request: 35.144600 seconds.
  path: Assets/Events/hills/rallyEvent.asset
  artifactKey: Guid(5c8de725783b0c741af9962966b23ebe) Importer(815301076,1909f56bfc062723c751e8b465ee728b)
Start importing Assets/Events/hills/rallyEvent.asset using Guid(5c8de725783b0c741af9962966b23ebe) Importer(815301076,1909f56bfc062723c751e8b465ee728b)  -> (artifact id: '89299fe6d2cbc3d84e678b4081a30d1c') in 0.632720 seconds
  Import took 0.645489 seconds .

========================================================================
Received Import Request.
  Time since last request: 86.781699 seconds.
  path: Assets/Events/hills/rallyEvent.asset
  artifactKey: Guid(5c8de725783b0c741af9962966b23ebe) Importer(815301076,1909f56bfc062723c751e8b465ee728b)
Start importing Assets/Events/hills/rallyEvent.asset using Guid(5c8de725783b0c741af9962966b23ebe) Importer(815301076,1909f56bfc062723c751e8b465ee728b)  -> (artifact id: '7175b044bf99992bcad5a2f74ca9a4d7') in 0.032068 seconds
  Import took 0.046327 seconds .

========================================================================
Received Import Request.
  Time since last request: 357.765424 seconds.
  path: Assets/Events/park/ralph_conv.asset
  artifactKey: Guid(ddec0b10f1393bf4da467cc81dff9409) Importer(815301076,1909f56bfc062723c751e8b465ee728b)
Start importing Assets/Events/park/ralph_conv.asset using Guid(ddec0b10f1393bf4da467cc81dff9409) Importer(815301076,1909f56bfc062723c751e8b465ee728b)  -> (artifact id: 'eda3d23bcec106d2ea4d2d33713d0c65') in 0.073673 seconds
  Import took 0.098576 seconds .

========================================================================
Received Prepare
Registering precompiled user dll's ...
Registered in 0.005893 seconds.
Begin MonoManager ReloadAssembly
Native extension for WindowsStandalone target not found
Native extension for OSXStandalone target not found
Refreshing native plugins compatible for Editor in 1.11 ms, found 0 plugins.
Preloading 0 native plugins for Editor in 0.00 ms.
Invoked RoslynAnalysisRunner static constructor.
RoslynAnalysisRunner will not be running.
RoslynAnalysisRunner has terminated.
Mono: successfully reloaded assembly
- Completed reload, in  1.717 seconds
Platform modules already initialized, skipping
Shader 'Universal Render Pipeline/Particles/Lit': fallback shader 'Universal Render Pipeline/Particles/SimpleLit' not found
Refreshing native plugins compatible for Editor in 1.19 ms, found 0 plugins.
Preloading 0 native plugins for Editor in 0.00 ms.
Unloading 2809 Unused Serialized files (Serialized files now loaded: 0)
System memory in use before: 145.1 MB.
System memory in use after: 145.3 MB.

Unloading 29 unused Assets to reduce memory usage. Loaded Objects now: 3398.
Total: 5.677800 ms (FindLiveObjects: 0.776500 ms CreateObjectMapping: 1.067300 ms MarkObjects: 3.790300 ms  DeleteObjects: 0.041600 ms)

========================================================================
Received Import Request.
  Time since last request: 606.713766 seconds.
  path: Assets/Data/Characters/Players/Chloe.asset
  artifactKey: Guid(5d503aba61f92ce4a97ef4f3dbf633bf) Importer(815301076,1909f56bfc062723c751e8b465ee728b)
Start importing Assets/Data/Characters/Players/Chloe.asset using Guid(5d503aba61f92ce4a97ef4f3dbf633bf) Importer(815301076,1909f56bfc062723c751e8b465ee728b)  -> (artifact id: 'c964789f10bfa69751c906cbc3c61c0f') in 0.028730 seconds
  Import took 0.034414 seconds .

========================================================================
Received Import Request.
  Time since last request: 2.036188 seconds.
  path: Assets/Data/Characters/Players/Chloe.asset
  artifactKey: Guid(5d503aba61f92ce4a97ef4f3dbf633bf) Importer(815301076,1909f56bfc062723c751e8b465ee728b)
Start importing Assets/Data/Characters/Players/Chloe.asset using Guid(5d503aba61f92ce4a97ef4f3dbf633bf) Importer(815301076,1909f56bfc062723c751e8b465ee728b)  -> (artifact id: '08c878874cf4abc5b3304a7a89403ba8') in 0.016866 seconds
  Import took 0.025330 seconds .

========================================================================
Received Import Request.
  Time since last request: 1.723632 seconds.
  path: Assets/Data/Characters/Players/Chloe.asset
  artifactKey: Guid(5d503aba61f92ce4a97ef4f3dbf633bf) Importer(815301076,1909f56bfc062723c751e8b465ee728b)
Start importing Assets/Data/Characters/Players/Chloe.asset using Guid(5d503aba61f92ce4a97ef4f3dbf633bf) Importer(815301076,1909f56bfc062723c751e8b465ee728b)  -> (artifact id: '7cf2db163a6dc62ffe98d7bbd994aa4f') in 0.006057 seconds
  Import took 0.012783 seconds .

========================================================================
Received Import Request.
  Time since last request: 298.122010 seconds.
  path: Assets/Data/Characters/Enemies/Hills/Gang Boy.asset
  artifactKey: Guid(4909cf921c51bf74d986fdde0275cb18) Importer(815301076,1909f56bfc062723c751e8b465ee728b)
Start importing Assets/Data/Characters/Enemies/Hills/Gang Boy.asset using Guid(4909cf921c51bf74d986fdde0275cb18) Importer(815301076,1909f56bfc062723c751e8b465ee728b)  -> (artifact id: 'bfff9fb8b6ae3ab1fdd91761927fecd1') in 0.026162 seconds
  Import took 0.033067 seconds .

========================================================================
Received Import Request.
  Time since last request: 0.000313 seconds.
  path: Assets/Data/Characters/Enemies/Hills/Rowdy Boy.asset
  artifactKey: Guid(35385c4859f20c940a083e72dc18d9b9) Importer(815301076,1909f56bfc062723c751e8b465ee728b)
Start importing Assets/Data/Characters/Enemies/Hills/Rowdy Boy.asset using Guid(35385c4859f20c940a083e72dc18d9b9) Importer(815301076,1909f56bfc062723c751e8b465ee728b)  -> (artifact id: '1e35ce987d490672085b7e7de885e3bc') in 0.016671 seconds
  Import took 0.023323 seconds .

========================================================================
Received Import Request.
  Time since last request: 21.986112 seconds.
  path: Assets/Data/Characters/Enemies/Hills/Rowdy Boy.asset
  artifactKey: Guid(35385c4859f20c940a083e72dc18d9b9) Importer(815301076,1909f56bfc062723c751e8b465ee728b)
Start importing Assets/Data/Characters/Enemies/Hills/Rowdy Boy.asset using Guid(35385c4859f20c940a083e72dc18d9b9) Importer(815301076,1909f56bfc062723c751e8b465ee728b)  -> (artifact id: 'e03277f28f9fe87fded11864802d12f2') in 0.049139 seconds
  Import took 0.065680 seconds .

========================================================================
Received Import Request.
  Time since last request: 1.669243 seconds.
  path: Assets/Data/Characters/Enemies/Hills/Rowdy Boy.asset
  artifactKey: Guid(35385c4859f20c940a083e72dc18d9b9) Importer(815301076,1909f56bfc062723c751e8b465ee728b)
Start importing Assets/Data/Characters/Enemies/Hills/Rowdy Boy.asset using Guid(35385c4859f20c940a083e72dc18d9b9) Importer(815301076,1909f56bfc062723c751e8b465ee728b)  -> (artifact id: 'c41152e3e3fa5e36854cdd407417a0d6') in 0.006958 seconds
  Import took 0.012955 seconds .

========================================================================
Received Import Request.
  Time since last request: 0.004416 seconds.
  path: Assets/Data/Characters/Enemies/Hills/Rowdy Boy.asset
  artifactKey: Guid(35385c4859f20c940a083e72dc18d9b9) Importer(815301076,1909f56bfc062723c751e8b465ee728b)
Start importing Assets/Data/Characters/Enemies/Hills/Rowdy Boy.asset using Guid(35385c4859f20c940a083e72dc18d9b9) Importer(815301076,1909f56bfc062723c751e8b465ee728b)  -> (artifact id: 'c41152e3e3fa5e36854cdd407417a0d6') in 0.007079 seconds
  Import took 0.013862 seconds .

========================================================================
Received Import Request.
  Time since last request: 3.566128 seconds.
  path: Assets/Data/Characters/Enemies/Hills/Rowdy Boy.asset
  artifactKey: Guid(35385c4859f20c940a083e72dc18d9b9) Importer(815301076,1909f56bfc062723c751e8b465ee728b)
Start importing Assets/Data/Characters/Enemies/Hills/Rowdy Boy.asset using Guid(35385c4859f20c940a083e72dc18d9b9) Importer(815301076,1909f56bfc062723c751e8b465ee728b)  -> (artifact id: 'e5ffe187a8f462e2a34809b772805a1a') in 0.008543 seconds
  Import took 0.014149 seconds .

========================================================================
Received Import Request.
  Time since last request: 0.004733 seconds.
  path: Assets/Data/Characters/Enemies/Hills/Rowdy Boy.asset
  artifactKey: Guid(35385c4859f20c940a083e72dc18d9b9) Importer(815301076,1909f56bfc062723c751e8b465ee728b)
Start importing Assets/Data/Characters/Enemies/Hills/Rowdy Boy.asset using Guid(35385c4859f20c940a083e72dc18d9b9) Importer(815301076,1909f56bfc062723c751e8b465ee728b)  -> (artifact id: 'e5ffe187a8f462e2a34809b772805a1a') in 0.005819 seconds
  Import took 0.011721 seconds .

========================================================================
Received Import Request.
  Time since last request: 2.218501 seconds.
  path: Assets/Data/Characters/Enemies/Hills/Rowdy Boy.asset
  artifactKey: Guid(35385c4859f20c940a083e72dc18d9b9) Importer(815301076,1909f56bfc062723c751e8b465ee728b)
Start importing Assets/Data/Characters/Enemies/Hills/Rowdy Boy.asset using Guid(35385c4859f20c940a083e72dc18d9b9) Importer(815301076,1909f56bfc062723c751e8b465ee728b)  -> (artifact id: '0030a023283dc8455ad55b0dca1d30cf') in 0.005885 seconds
  Import took 0.011248 seconds .

========================================================================
Received Import Request.
  Time since last request: 0.006098 seconds.
  path: Assets/Data/Characters/Enemies/Hills/Rowdy Boy.asset
  artifactKey: Guid(35385c4859f20c940a083e72dc18d9b9) Importer(815301076,1909f56bfc062723c751e8b465ee728b)
Start importing Assets/Data/Characters/Enemies/Hills/Rowdy Boy.asset using Guid(35385c4859f20c940a083e72dc18d9b9) Importer(815301076,1909f56bfc062723c751e8b465ee728b)  -> (artifact id: '0030a023283dc8455ad55b0dca1d30cf') in 0.006566 seconds
  Import took 0.013363 seconds .

========================================================================
Received Import Request.
  Time since last request: 3.495376 seconds.
  path: Assets/Data/Characters/Enemies/Hills/Rowdy Boy.asset
  artifactKey: Guid(35385c4859f20c940a083e72dc18d9b9) Importer(815301076,1909f56bfc062723c751e8b465ee728b)
Start importing Assets/Data/Characters/Enemies/Hills/Rowdy Boy.asset using Guid(35385c4859f20c940a083e72dc18d9b9) Importer(815301076,1909f56bfc062723c751e8b465ee728b)  -> (artifact id: 'cf229ec9ecdc0769b948b9bbc7106dc4') in 0.011802 seconds
  Import took 0.020227 seconds .

========================================================================
Received Import Request.
  Time since last request: 0.262057 seconds.
  path: Assets/Data/Characters/Enemies/Hills/Rowdy Boy.asset
  artifactKey: Guid(35385c4859f20c940a083e72dc18d9b9) Importer(815301076,1909f56bfc062723c751e8b465ee728b)
Start importing Assets/Data/Characters/Enemies/Hills/Rowdy Boy.asset using Guid(35385c4859f20c940a083e72dc18d9b9) Importer(815301076,1909f56bfc062723c751e8b465ee728b)  -> (artifact id: 'c140650d44acdc212d65a413b1e12b91') in 0.005942 seconds
  Import took 0.011298 seconds .

========================================================================
Received Import Request.
  Time since last request: 0.007313 seconds.
  path: Assets/Data/Characters/Enemies/Hills/Rowdy Boy.asset
  artifactKey: Guid(35385c4859f20c940a083e72dc18d9b9) Importer(815301076,1909f56bfc062723c751e8b465ee728b)
Start importing Assets/Data/Characters/Enemies/Hills/Rowdy Boy.asset using Guid(35385c4859f20c940a083e72dc18d9b9) Importer(815301076,1909f56bfc062723c751e8b465ee728b)  -> (artifact id: 'c140650d44acdc212d65a413b1e12b91') in 0.006127 seconds
  Import took 0.011948 seconds .

========================================================================
Received Import Request.
  Time since last request: 3.083555 seconds.
  path: Assets/Data/Characters/Enemies/Hills/Rowdy Boy.asset
  artifactKey: Guid(35385c4859f20c940a083e72dc18d9b9) Importer(815301076,1909f56bfc062723c751e8b465ee728b)
Start importing Assets/Data/Characters/Enemies/Hills/Rowdy Boy.asset using Guid(35385c4859f20c940a083e72dc18d9b9) Importer(815301076,1909f56bfc062723c751e8b465ee728b)  -> (artifact id: '5231150cc955a807717ef29a04b4e313') in 0.006155 seconds
  Import took 0.012445 seconds .

========================================================================
Received Import Request.
  Time since last request: 0.008113 seconds.
  path: Assets/Data/Characters/Enemies/Hills/Rowdy Boy.asset
  artifactKey: Guid(35385c4859f20c940a083e72dc18d9b9) Importer(815301076,1909f56bfc062723c751e8b465ee728b)
Start importing Assets/Data/Characters/Enemies/Hills/Rowdy Boy.asset using Guid(35385c4859f20c940a083e72dc18d9b9) Importer(815301076,1909f56bfc062723c751e8b465ee728b)  -> (artifact id: '5231150cc955a807717ef29a04b4e313') in 0.005912 seconds
  Import took 0.011398 seconds .

========================================================================
Received Import Request.
  Time since last request: 1.046089 seconds.
  path: Assets/Data/Characters/Enemies/Hills/Rowdy Boy.asset
  artifactKey: Guid(35385c4859f20c940a083e72dc18d9b9) Importer(815301076,1909f56bfc062723c751e8b465ee728b)
Start importing Assets/Data/Characters/Enemies/Hills/Rowdy Boy.asset using Guid(35385c4859f20c940a083e72dc18d9b9) Importer(815301076,1909f56bfc062723c751e8b465ee728b)  -> (artifact id: '1099c66f3343f7a42e2e533cbf64d804') in 0.005690 seconds
  Import took 0.011798 seconds .

========================================================================
Received Import Request.
  Time since last request: 0.006378 seconds.
  path: Assets/Data/Characters/Enemies/Hills/Rowdy Boy.asset
  artifactKey: Guid(35385c4859f20c940a083e72dc18d9b9) Importer(815301076,1909f56bfc062723c751e8b465ee728b)
Start importing Assets/Data/Characters/Enemies/Hills/Rowdy Boy.asset using Guid(35385c4859f20c940a083e72dc18d9b9) Importer(815301076,1909f56bfc062723c751e8b465ee728b)  -> (artifact id: '1099c66f3343f7a42e2e533cbf64d804') in 0.006346 seconds
  Import took 0.012650 seconds .

========================================================================
Received Import Request.
  Time since last request: 12.179194 seconds.
  path: Assets/Data/Characters/Enemies/Hills/Rowdy Boy.asset
  artifactKey: Guid(35385c4859f20c940a083e72dc18d9b9) Importer(815301076,1909f56bfc062723c751e8b465ee728b)
Start importing Assets/Data/Characters/Enemies/Hills/Rowdy Boy.asset using Guid(35385c4859f20c940a083e72dc18d9b9) Importer(815301076,1909f56bfc062723c751e8b465ee728b)  -> (artifact id: 'd14a9dd1fa488b5f0691af1d15dfa0a9') in 0.029430 seconds
  Import took 0.037387 seconds .

========================================================================
Received Import Request.
  Time since last request: 1.433339 seconds.
  path: Assets/Data/Characters/Enemies/Hills/Rowdy Boy.asset
  artifactKey: Guid(35385c4859f20c940a083e72dc18d9b9) Importer(815301076,1909f56bfc062723c751e8b465ee728b)
Start importing Assets/Data/Characters/Enemies/Hills/Rowdy Boy.asset using Guid(35385c4859f20c940a083e72dc18d9b9) Importer(815301076,1909f56bfc062723c751e8b465ee728b)  -> (artifact id: '31a6d0725cc338e3991a07b354c69e9f') in 0.005707 seconds
  Import took 0.011556 seconds .

========================================================================
Received Import Request.
  Time since last request: 0.004785 seconds.
  path: Assets/Data/Characters/Enemies/Hills/Rowdy Boy.asset
  artifactKey: Guid(35385c4859f20c940a083e72dc18d9b9) Importer(815301076,1909f56bfc062723c751e8b465ee728b)
Start importing Assets/Data/Characters/Enemies/Hills/Rowdy Boy.asset using Guid(35385c4859f20c940a083e72dc18d9b9) Importer(815301076,1909f56bfc062723c751e8b465ee728b)  -> (artifact id: '31a6d0725cc338e3991a07b354c69e9f') in 0.005858 seconds
  Import took 0.013138 seconds .

========================================================================
Received Import Request.
  Time since last request: 19.293268 seconds.
  path: Assets/Data/Characters/Enemies/Hills/Rowdy Boy.asset
  artifactKey: Guid(35385c4859f20c940a083e72dc18d9b9) Importer(815301076,1909f56bfc062723c751e8b465ee728b)
Start importing Assets/Data/Characters/Enemies/Hills/Rowdy Boy.asset using Guid(35385c4859f20c940a083e72dc18d9b9) Importer(815301076,1909f56bfc062723c751e8b465ee728b)  -> (artifact id: 'ff4f8bc631cef4a70c492f9e9a0dcb6d') in 0.017030 seconds
  Import took 0.034895 seconds .

========================================================================
Received Import Request.
  Time since last request: 17.174363 seconds.
  path: Assets/Data/Characters/Enemies/Hills/Rowdy Boy.asset
  artifactKey: Guid(35385c4859f20c940a083e72dc18d9b9) Importer(815301076,1909f56bfc062723c751e8b465ee728b)
Start importing Assets/Data/Characters/Enemies/Hills/Rowdy Boy.asset using Guid(35385c4859f20c940a083e72dc18d9b9) Importer(815301076,1909f56bfc062723c751e8b465ee728b)  -> (artifact id: '0a30204c27f5df8095e88baef7227616') in 0.049985 seconds
  Import took 0.062468 seconds .

========================================================================
Received Import Request.
  Time since last request: 757.310264 seconds.
  path: Assets/Data/Characters/Enemies/Hills/Gang Girl.asset
  artifactKey: Guid(3668f809916c2754e831d723adbef2eb) Importer(815301076,1909f56bfc062723c751e8b465ee728b)
Start importing Assets/Data/Characters/Enemies/Hills/Gang Girl.asset using Guid(3668f809916c2754e831d723adbef2eb) Importer(815301076,1909f56bfc062723c751e8b465ee728b)  -> (artifact id: 'f8969b1017bf43f34b172e9653751c11') in 0.016712 seconds
  Import took 0.026573 seconds .

========================================================================
Received Import Request.
  Time since last request: 11.067271 seconds.
  path: Assets/Data/Characters/Enemies/Hills/Gang Girl.asset
  artifactKey: Guid(3668f809916c2754e831d723adbef2eb) Importer(815301076,1909f56bfc062723c751e8b465ee728b)
Start importing Assets/Data/Characters/Enemies/Hills/Gang Girl.asset using Guid(3668f809916c2754e831d723adbef2eb) Importer(815301076,1909f56bfc062723c751e8b465ee728b)  -> (artifact id: '93b10a9bda1fc7a01d9198252310eb71') in 0.044709 seconds
  Import took 0.052111 seconds .

========================================================================
Received Import Request.
  Time since last request: 6.033103 seconds.
  path: Assets/Data/Characters/Enemies/Hills/Gang Girl.asset
  artifactKey: Guid(3668f809916c2754e831d723adbef2eb) Importer(815301076,1909f56bfc062723c751e8b465ee728b)
Start importing Assets/Data/Characters/Enemies/Hills/Gang Girl.asset using Guid(3668f809916c2754e831d723adbef2eb) Importer(815301076,1909f56bfc062723c751e8b465ee728b)  -> (artifact id: '76b8aff7fe74bb6344f0f8e66cd89d03') in 0.045361 seconds
  Import took 0.053070 seconds .

========================================================================
Received Import Request.
  Time since last request: 8.046036 seconds.
  path: Assets/Data/Characters/Enemies/Hills/Gang Girl.asset
  artifactKey: Guid(3668f809916c2754e831d723adbef2eb) Importer(815301076,1909f56bfc062723c751e8b465ee728b)
Start importing Assets/Data/Characters/Enemies/Hills/Gang Girl.asset using Guid(3668f809916c2754e831d723adbef2eb) Importer(815301076,1909f56bfc062723c751e8b465ee728b)  -> (artifact id: 'b0fb75606850563148bad43d1e29fdc5') in 0.053194 seconds
  Import took 0.060662 seconds .

========================================================================
Received Import Request.
  Time since last request: 26.795568 seconds.
  path: Assets/Data/Characters/Enemies/Hills/Gang Girl.asset
  artifactKey: Guid(3668f809916c2754e831d723adbef2eb) Importer(815301076,1909f56bfc062723c751e8b465ee728b)
Start importing Assets/Data/Characters/Enemies/Hills/Gang Girl.asset using Guid(3668f809916c2754e831d723adbef2eb) Importer(815301076,1909f56bfc062723c751e8b465ee728b)  -> (artifact id: '466aef71466231c510541da45d074905') in 0.016396 seconds
  Import took 0.023378 seconds .

